  [1m[35m (0.4ms)[0m  [1m[35mSET NAMES utf8,  @@SESSION.sql_mode = CONCAT(CONCAT(@@sql_mode, ',STRICT_ALL_TABLES'), ',NO_AUTO_VALUE_ON_ZERO'),  @@SESSION.sql_auto_is_null = 0, @@SESSION.wait_timeout = 2147483[0m
  [1m[35m (10.9ms)[0m  [1m[35mCREATE TABLE `schema_migrations` (`version` varchar(255) NOT NULL PRIMARY KEY) ENGINE=InnoDB[0m
  [1m[35m (9.2ms)[0m  [1m[35mCREATE TABLE `ar_internal_metadata` (`key` varchar(255) NOT NULL PRIMARY KEY, `value` varchar(255), `created_at` datetime NOT NULL, `updated_at` datetime NOT NULL) ENGINE=InnoDB[0m
  [1m[35m (0.2ms)[0m  [1m[34mSELECT GET_LOCK('3224042296778746800', 0)[0m
  [1m[35m (0.3ms)[0m  [1m[34mSELECT `schema_migrations`.`version` FROM `schema_migrations` ORDER BY `schema_migrations`.`version` ASC[0m
Migrating to CreateUsers (20180216112712)
  [1m[35m (9.4ms)[0m  [1m[35mCREATE TABLE `users` (`id` bigint NOT NULL AUTO_INCREMENT PRIMARY KEY, `username` varchar(255), `created_at` datetime NOT NULL, `updated_at` datetime NOT NULL) ENGINE=InnoDB[0m
  [1m[35m (10.6ms)[0m  [1m[35mCREATE UNIQUE INDEX `index_users_on_username`  ON `users` (`username`) [0m
  [1m[35m (0.2ms)[0m  [1m[35mBEGIN[0m
  [1m[35mSQL (0.3ms)[0m  [1m[32mINSERT INTO `schema_migrations` (`version`) VALUES ('20180216112712')[0m
  [1m[35m (1.2ms)[0m  [1m[35mCOMMIT[0m
Migrating to CreateProjects (20180216112804)
  [1m[35m (9.6ms)[0m  [1m[35mCREATE TABLE `projects` (`id` bigint NOT NULL AUTO_INCREMENT PRIMARY KEY, `name` varchar(255), `user_id` int, `created_at` datetime NOT NULL, `updated_at` datetime NOT NULL) ENGINE=InnoDB[0m
  [1m[35m (0.2ms)[0m  [1m[35mBEGIN[0m
  [1m[35mSQL (2.8ms)[0m  [1m[32mINSERT INTO `schema_migrations` (`version`) VALUES ('20180216112804')[0m
  [1m[35m (1.3ms)[0m  [1m[35mCOMMIT[0m
Migrating to CreateCommunities (20180216112839)
  [1m[35m (7.5ms)[0m  [1m[35mCREATE TABLE `communities` (`id` bigint NOT NULL AUTO_INCREMENT PRIMARY KEY, `name` varchar(255), `created_at` datetime NOT NULL, `updated_at` datetime NOT NULL) ENGINE=InnoDB[0m
  [1m[35m (0.3ms)[0m  [1m[35mBEGIN[0m
  [1m[35mSQL (0.3ms)[0m  [1m[32mINSERT INTO `schema_migrations` (`version`) VALUES ('20180216112839')[0m
  [1m[35m (1.1ms)[0m  [1m[35mCOMMIT[0m
Migrating to CreateMemberships (20180216112857)
  [1m[35m (7.5ms)[0m  [1m[35mCREATE TABLE `communities_users` (`user_id` bigint, `community_id` bigint) ENGINE=InnoDB[0m
  [1m[35m (0.2ms)[0m  [1m[35mBEGIN[0m
  [1m[35mSQL (0.3ms)[0m  [1m[32mINSERT INTO `schema_migrations` (`version`) VALUES ('20180216112857')[0m
  [1m[35m (1.4ms)[0m  [1m[35mCOMMIT[0m
Migrating to CreateTags (20180216112939)
  [1m[35m (6.1ms)[0m  [1m[35mCREATE TABLE `communities_projects` (`project_id` bigint, `community_id` bigint) ENGINE=InnoDB[0m
  [1m[35m (0.4ms)[0m  [1m[35mBEGIN[0m
  [1m[35mSQL (0.3ms)[0m  [1m[32mINSERT INTO `schema_migrations` (`version`) VALUES ('20180216112939')[0m
  [1m[35m (1.3ms)[0m  [1m[35mCOMMIT[0m
Migrating to CreatePosts (20180216113015)
  [1m[35m (7.2ms)[0m  [1m[35mCREATE TABLE `posts` (`id` bigint NOT NULL AUTO_INCREMENT PRIMARY KEY, `title` varchar(255), `content` text, `user_id` int, `community_id` int, `created_at` datetime NOT NULL, `updated_at` datetime NOT NULL) ENGINE=InnoDB[0m
  [1m[35m (0.2ms)[0m  [1m[35mBEGIN[0m
  [1m[35mSQL (0.3ms)[0m  [1m[32mINSERT INTO `schema_migrations` (`version`) VALUES ('20180216113015')[0m
  [1m[35m (2.2ms)[0m  [1m[35mCOMMIT[0m
Migrating to CreateComments (20180216113040)
  [1m[35m (10.1ms)[0m  [1m[35mCREATE TABLE `comments` (`id` bigint NOT NULL AUTO_INCREMENT PRIMARY KEY, `title` varchar(255), `content` text, `user_id` int, `parent_id` int, `parent_type` varchar(255), `created_at` datetime NOT NULL, `updated_at` datetime NOT NULL) ENGINE=InnoDB[0m
  [1m[35m (0.2ms)[0m  [1m[35mBEGIN[0m
  [1m[35mSQL (0.3ms)[0m  [1m[32mINSERT INTO `schema_migrations` (`version`) VALUES ('20180216113040')[0m
  [1m[35m (1.6ms)[0m  [1m[35mCOMMIT[0m
Migrating to CreateReports (20180216113132)
  [1m[35m (8.8ms)[0m  [1m[35mCREATE TABLE `reports` (`id` bigint NOT NULL AUTO_INCREMENT PRIMARY KEY, `target_id` int, `target_model` int, `reason` varchar(255), `created_at` datetime NOT NULL, `updated_at` datetime NOT NULL) ENGINE=InnoDB[0m
  [1m[35m (1.4ms)[0m  [1m[35mBEGIN[0m
  [1m[35mSQL (0.3ms)[0m  [1m[32mINSERT INTO `schema_migrations` (`version`) VALUES ('20180216113132')[0m
  [1m[35m (1.1ms)[0m  [1m[35mCOMMIT[0m
Migrating to CreateBans (20180216113220)
  [1m[35m (9.3ms)[0m  [1m[35mCREATE TABLE `bans` (`id` bigint NOT NULL AUTO_INCREMENT PRIMARY KEY, `target_id` int, `reason` varchar(255), `end` date, `created_at` datetime NOT NULL, `updated_at` datetime NOT NULL) ENGINE=InnoDB[0m
  [1m[35m (0.2ms)[0m  [1m[35mBEGIN[0m
  [1m[35mSQL (0.3ms)[0m  [1m[32mINSERT INTO `schema_migrations` (`version`) VALUES ('20180216113220')[0m
  [1m[35m (1.2ms)[0m  [1m[35mCOMMIT[0m
Migrating to AddDeviseToUsers (20180216120242)
  [1m[35m (25.0ms)[0m  [1m[35mALTER TABLE `users` ADD `email` varchar(255) DEFAULT '' NOT NULL[0m
  [1m[35m (26.6ms)[0m  [1m[35mALTER TABLE `users` ADD `encrypted_password` varchar(255) DEFAULT '' NOT NULL[0m
  [1m[35m (23.1ms)[0m  [1m[35mALTER TABLE `users` ADD `reset_password_token` varchar(255)[0m
  [1m[35m (21.8ms)[0m  [1m[35mALTER TABLE `users` ADD `reset_password_sent_at` datetime[0m
  [1m[35m (23.3ms)[0m  [1m[35mALTER TABLE `users` ADD `remember_created_at` datetime[0m
  [1m[35m (22.8ms)[0m  [1m[35mALTER TABLE `users` ADD `sign_in_count` int DEFAULT 0 NOT NULL[0m
  [1m[35m (24.3ms)[0m  [1m[35mALTER TABLE `users` ADD `current_sign_in_at` datetime[0m
  [1m[35m (20.0ms)[0m  [1m[35mALTER TABLE `users` ADD `last_sign_in_at` datetime[0m
  [1m[35m (19.2ms)[0m  [1m[35mALTER TABLE `users` ADD `current_sign_in_ip` varchar(255)[0m
  [1m[35m (18.8ms)[0m  [1m[35mALTER TABLE `users` ADD `last_sign_in_ip` varchar(255)[0m
  [1m[35m (11.2ms)[0m  [1m[35mCREATE UNIQUE INDEX `index_users_on_email`  ON `users` (`email`) [0m
  [1m[35m (11.1ms)[0m  [1m[35mCREATE UNIQUE INDEX `index_users_on_reset_password_token`  ON `users` (`reset_password_token`) [0m
  [1m[35m (1.3ms)[0m  [1m[35mBEGIN[0m
  [1m[35mSQL (2.6ms)[0m  [1m[32mINSERT INTO `schema_migrations` (`version`) VALUES ('20180216120242')[0m
  [1m[35m (1.2ms)[0m  [1m[35mCOMMIT[0m
Migrating to CreateDoorkeeperTables (20180216120610)
  [1m[35m (8.6ms)[0m  [1m[35mCREATE TABLE `oauth_applications` (`id` bigint NOT NULL AUTO_INCREMENT PRIMARY KEY, `name` varchar(255) NOT NULL, `uid` varchar(255) NOT NULL, `secret` varchar(255) NOT NULL, `redirect_uri` text NOT NULL, `scopes` varchar(255) DEFAULT '' NOT NULL, `created_at` datetime NOT NULL, `updated_at` datetime NOT NULL) ENGINE=InnoDB[0m
  [1m[35m (10.4ms)[0m  [1m[35mCREATE UNIQUE INDEX `index_oauth_applications_on_uid`  ON `oauth_applications` (`uid`) [0m
  [1m[35m (11.1ms)[0m  [1m[35mCREATE TABLE `oauth_access_grants` (`id` bigint NOT NULL AUTO_INCREMENT PRIMARY KEY, `resource_owner_id` bigint NOT NULL, `application_id` bigint NOT NULL, `token` varchar(255) NOT NULL, `expires_in` int NOT NULL, `redirect_uri` text NOT NULL, `created_at` datetime NOT NULL, `revoked_at` datetime, `scopes` varchar(255),  INDEX `index_oauth_access_grants_on_application_id`  (`application_id`)) ENGINE=InnoDB[0m
  [1m[35m (43.4ms)[0m  [1m[35mALTER TABLE `oauth_access_grants` ADD CONSTRAINT `fk_rails_330c32d8d9`
FOREIGN KEY (`resource_owner_id`)
  REFERENCES `users` (`id`)
[0m
  [1m[35m (10.2ms)[0m  [1m[35mCREATE UNIQUE INDEX `index_oauth_access_grants_on_token`  ON `oauth_access_grants` (`token`) [0m
  [1m[35m (37.6ms)[0m  [1m[35mALTER TABLE `oauth_access_grants` ADD CONSTRAINT `fk_rails_b4b53e07b8`
FOREIGN KEY (`application_id`)
  REFERENCES `oauth_applications` (`id`)
[0m
  [1m[35m (12.2ms)[0m  [1m[35mCREATE TABLE `oauth_access_tokens` (`id` bigint NOT NULL AUTO_INCREMENT PRIMARY KEY, `resource_owner_id` bigint, `application_id` bigint, `token` varchar(255) NOT NULL, `refresh_token` varchar(255), `expires_in` int, `revoked_at` datetime, `created_at` datetime NOT NULL, `scopes` varchar(255), `previous_refresh_token` varchar(255) DEFAULT '' NOT NULL,  INDEX `index_oauth_access_tokens_on_application_id`  (`application_id`)) ENGINE=InnoDB[0m
  [1m[35m (256.1ms)[0m  [1m[35mALTER TABLE `oauth_access_tokens` ADD CONSTRAINT `fk_rails_ee63f25419`
FOREIGN KEY (`resource_owner_id`)
  REFERENCES `users` (`id`)
[0m
  [1m[35m (14.5ms)[0m  [1m[35mCREATE UNIQUE INDEX `index_oauth_access_tokens_on_token`  ON `oauth_access_tokens` (`token`) [0m
  [1m[35m (18.3ms)[0m  [1m[35mCREATE  INDEX `index_oauth_access_tokens_on_resource_owner_id`  ON `oauth_access_tokens` (`resource_owner_id`) [0m
  [1m[35m (14.1ms)[0m  [1m[35mCREATE UNIQUE INDEX `index_oauth_access_tokens_on_refresh_token`  ON `oauth_access_tokens` (`refresh_token`) [0m
  [1m[35m (51.2ms)[0m  [1m[35mALTER TABLE `oauth_access_tokens` ADD CONSTRAINT `fk_rails_732cb83ab7`
FOREIGN KEY (`application_id`)
  REFERENCES `oauth_applications` (`id`)
[0m
  [1m[35m (0.2ms)[0m  [1m[35mBEGIN[0m
  [1m[35mSQL (0.2ms)[0m  [1m[32mINSERT INTO `schema_migrations` (`version`) VALUES ('20180216120610')[0m
  [1m[35m (1.6ms)[0m  [1m[35mCOMMIT[0m
Migrating to AddAccountDetailsToUsers (20180220115149)
  [1m[35m (31.6ms)[0m  [1m[35mALTER TABLE `users` ADD `description` text[0m
  [1m[35m (31.2ms)[0m  [1m[35mALTER TABLE `users` ADD `logo` varchar(255)[0m
  [1m[35m (0.3ms)[0m  [1m[35mBEGIN[0m
  [1m[35mSQL (0.2ms)[0m  [1m[32mINSERT INTO `schema_migrations` (`version`) VALUES ('20180220115149')[0m
  [1m[35m (2.7ms)[0m  [1m[35mCOMMIT[0m
Migrating to AddContactInfoToUsers (20180220115236)
  [1m[35m (31.0ms)[0m  [1m[35mALTER TABLE `users` ADD `firstname` varchar(255)[0m
  [1m[35m (30.5ms)[0m  [1m[35mALTER TABLE `users` ADD `lastname` varchar(255)[0m
  [1m[35m (31.0ms)[0m  [1m[35mALTER TABLE `users` ADD `web` varchar(255)[0m
  [1m[35m (28.5ms)[0m  [1m[35mALTER TABLE `users` ADD `fon` varchar(255)[0m
  [1m[35m (24.9ms)[0m  [1m[35mALTER TABLE `users` ADD `location` varchar(255)[0m
  [1m[35m (0.3ms)[0m  [1m[35mBEGIN[0m
  [1m[35mSQL (0.3ms)[0m  [1m[32mINSERT INTO `schema_migrations` (`version`) VALUES ('20180220115236')[0m
  [1m[35m (1.5ms)[0m  [1m[35mCOMMIT[0m
Migrating to AddContentToProjects (20180220115445)
  [1m[35m (21.6ms)[0m  [1m[35mALTER TABLE `projects` ADD `goal` text[0m
  [1m[35m (21.5ms)[0m  [1m[35mALTER TABLE `projects` ADD `problem` text[0m
  [1m[35m (23.3ms)[0m  [1m[35mALTER TABLE `projects` ADD `solution` longtext[0m
  [1m[35m (24.7ms)[0m  [1m[35mALTER TABLE `projects` ADD `coop` tinyint(1)[0m
  [1m[35m (24.6ms)[0m  [1m[35mALTER TABLE `projects` ADD `likes` int[0m
  [1m[35m (24.7ms)[0m  [1m[35mALTER TABLE `projects` ADD `attachment` varchar(255)[0m
  [1m[35m (21.1ms)[0m  [1m[35mALTER TABLE `projects` ADD `status` varchar(255)[0m
  [1m[35m (0.2ms)[0m  [1m[35mBEGIN[0m
  [1m[35mSQL (0.2ms)[0m  [1m[32mINSERT INTO `schema_migrations` (`version`) VALUES ('20180220115445')[0m
  [1m[35m (1.4ms)[0m  [1m[35mCOMMIT[0m
Migrating to AddContentToCommunities (20180220115552)
  [1m[35m (22.8ms)[0m  [1m[35mALTER TABLE `communities` ADD `description` text[0m
  [1m[35m (26.8ms)[0m  [1m[35mALTER TABLE `communities` ADD `icon` varchar(255)[0m
  [1m[35m (26.1ms)[0m  [1m[35mALTER TABLE `communities` ADD `typus` varchar(255)[0m
  [1m[35m (0.2ms)[0m  [1m[35mBEGIN[0m
  [1m[35mSQL (0.9ms)[0m  [1m[32mINSERT INTO `schema_migrations` (`version`) VALUES ('20180220115552')[0m
  [1m[35m (1.5ms)[0m  [1m[35mCOMMIT[0m
Migrating to AddRoleToUsers (20180221120333)
  [1m[35m (30.6ms)[0m  [1m[35mALTER TABLE `users` ADD `role` varchar(255)[0m
  [1m[35m (0.9ms)[0m  [1m[35mBEGIN[0m
  [1m[35mSQL (0.3ms)[0m  [1m[32mINSERT INTO `schema_migrations` (`version`) VALUES ('20180221120333')[0m
  [1m[35m (1.6ms)[0m  [1m[35mCOMMIT[0m
Migrating to AddCooptextToProjects (20180323143052)
  [1m[35m (24.8ms)[0m  [1m[35mALTER TABLE `projects` ADD `cooptext` text[0m
  [1m[35m (0.2ms)[0m  [1m[35mBEGIN[0m
  [1m[35mSQL (0.3ms)[0m  [1m[32mINSERT INTO `schema_migrations` (`version`) VALUES ('20180323143052')[0m
  [1m[35m (1.9ms)[0m  [1m[35mCOMMIT[0m
Migrating to AddImageToProjects (20180323143106)
  [1m[35m (23.9ms)[0m  [1m[35mALTER TABLE `projects` ADD `image` varchar(255)[0m
  [1m[35m (0.2ms)[0m  [1m[35mBEGIN[0m
  [1m[35mSQL (0.3ms)[0m  [1m[32mINSERT INTO `schema_migrations` (`version`) VALUES ('20180323143106')[0m
  [1m[35m (1.6ms)[0m  [1m[35mCOMMIT[0m
Migrating to AddTypusToProjects (20180323143239)
  [1m[35m (27.5ms)[0m  [1m[35mALTER TABLE `projects` ADD `typus` varchar(255)[0m
  [1m[35m (0.2ms)[0m  [1m[35mBEGIN[0m
  [1m[35mSQL (0.3ms)[0m  [1m[32mINSERT INTO `schema_migrations` (`version`) VALUES ('20180323143239')[0m
  [1m[35m (1.9ms)[0m  [1m[35mCOMMIT[0m
Migrating to AddAuthorToComments (20180323144455)
  [1m[35m (26.5ms)[0m  [1m[35mALTER TABLE `comments` ADD `author` varchar(255)[0m
  [1m[35m (0.2ms)[0m  [1m[35mBEGIN[0m
  [1m[35mSQL (0.3ms)[0m  [1m[32mINSERT INTO `schema_migrations` (`version`) VALUES ('20180323144455')[0m
  [1m[35m (1.8ms)[0m  [1m[35mCOMMIT[0m
Migrating to AddAuthorToPosts (20180323145933)
  [1m[35m (24.2ms)[0m  [1m[35mALTER TABLE `posts` ADD `author` varchar(255)[0m
  [1m[35m (2.5ms)[0m  [1m[35mBEGIN[0m
  [1m[35mSQL (0.2ms)[0m  [1m[32mINSERT INTO `schema_migrations` (`version`) VALUES ('20180323145933')[0m
  [1m[35m (1.5ms)[0m  [1m[35mCOMMIT[0m
  [1m[36mActiveRecord::InternalMetadata Load (0.3ms)[0m  [1m[34mSELECT  `ar_internal_metadata`.* FROM `ar_internal_metadata` WHERE `ar_internal_metadata`.`key` = 'environment' LIMIT 1[0m
  [1m[35m (1.0ms)[0m  [1m[35mBEGIN[0m
  [1m[35mSQL (1.2ms)[0m  [1m[32mINSERT INTO `ar_internal_metadata` (`key`, `value`, `created_at`, `updated_at`) VALUES ('environment', 'development', '2018-04-03 12:32:57', '2018-04-03 12:32:57')[0m
  [1m[35m (36.6ms)[0m  [1m[35mCOMMIT[0m
  [1m[35m (0.3ms)[0m  [1m[34mSELECT RELEASE_LOCK('3224042296778746800')[0m
  [1m[35m (0.3ms)[0m  [1m[34mSELECT `schema_migrations`.`version` FROM `schema_migrations` ORDER BY `schema_migrations`.`version` ASC[0m
  [1m[35m (0.4ms)[0m  [1m[35mSET NAMES utf8,  @@SESSION.sql_mode = CONCAT(CONCAT(@@sql_mode, ',STRICT_ALL_TABLES'), ',NO_AUTO_VALUE_ON_ZERO'),  @@SESSION.sql_auto_is_null = 0, @@SESSION.wait_timeout = 2147483[0m
  [1m[35m (0.4ms)[0m  [1m[34mSELECT `schema_migrations`.`version` FROM `schema_migrations` ORDER BY `schema_migrations`.`version` ASC[0m
  [1m[35m (0.2ms)[0m  [1m[35mBEGIN[0m
  [1m[35mSQL (0.4ms)[0m  [1m[32mINSERT INTO `communities` (`name`, `created_at`, `updated_at`, `description`, `icon`, `typus`) VALUES ('Dienstleistungen\n', '2018-04-03 12:33:06', '2018-04-03 12:33:06', '', 'assets/images/icons/Dienstleistung.svg', 'Branche')[0m
  [1m[35m (1.9ms)[0m  [1m[35mCOMMIT[0m
  [1m[35m (0.2ms)[0m  [1m[35mBEGIN[0m
  [1m[35mSQL (0.3ms)[0m  [1m[32mINSERT INTO `communities` (`name`, `created_at`, `updated_at`, `description`, `icon`, `typus`) VALUES ('Handel\n', '2018-04-03 12:33:06', '2018-04-03 12:33:06', '', 'assets/images/icons/Handel.svg', 'Branche')[0m
  [1m[35m (1.5ms)[0m  [1m[35mCOMMIT[0m
  [1m[35m (0.2ms)[0m  [1m[35mBEGIN[0m
  [1m[35mSQL (0.5ms)[0m  [1m[32mINSERT INTO `communities` (`name`, `created_at`, `updated_at`, `description`, `icon`, `typus`) VALUES ('E-Commerce\n', '2018-04-03 12:33:06', '2018-04-03 12:33:06', '', 'assets/images/icons/E-Commerce.svg', 'Branche')[0m
  [1m[35m (1.5ms)[0m  [1m[35mCOMMIT[0m
  [1m[35m (0.2ms)[0m  [1m[35mBEGIN[0m
  [1m[35mSQL (0.3ms)[0m  [1m[32mINSERT INTO `communities` (`name`, `created_at`, `updated_at`, `description`, `icon`, `typus`) VALUES ('Freizeit\n', '2018-04-03 12:33:06', '2018-04-03 12:33:06', '', 'assets/images/icons/Freizeit.svg', 'Branche')[0m
  [1m[35m (1.6ms)[0m  [1m[35mCOMMIT[0m
  [1m[35m (0.2ms)[0m  [1m[35mBEGIN[0m
  [1m[35mSQL (0.3ms)[0m  [1m[32mINSERT INTO `communities` (`name`, `created_at`, `updated_at`, `description`, `icon`, `typus`) VALUES ('Internet\n', '2018-04-03 12:33:06', '2018-04-03 12:33:06', '', 'assets/images/icons/Internet.svg', 'Branche')[0m
  [1m[35m (2.0ms)[0m  [1m[35mCOMMIT[0m
  [1m[35m (0.2ms)[0m  [1m[35mBEGIN[0m
  [1m[35mSQL (0.3ms)[0m  [1m[32mINSERT INTO `communities` (`name`, `created_at`, `updated_at`, `description`, `icon`, `typus`) VALUES ('Energie & Umwelt\n', '2018-04-03 12:33:06', '2018-04-03 12:33:06', '', 'assets/images/icons/Energie und Umwelt.svg', 'Branche')[0m
  [1m[35m (1.7ms)[0m  [1m[35mCOMMIT[0m
  [1m[35m (0.2ms)[0m  [1m[35mBEGIN[0m
  [1m[35mSQL (0.3ms)[0m  [1m[32mINSERT INTO `communities` (`name`, `created_at`, `updated_at`, `description`, `icon`, `typus`) VALUES ('Food & Drink\n', '2018-04-03 12:33:06', '2018-04-03 12:33:06', '', 'assets/images/icons/Food and Drink.svg', 'Branche')[0m
  [1m[35m (1.6ms)[0m  [1m[35mCOMMIT[0m
  [1m[35m (0.2ms)[0m  [1m[35mBEGIN[0m
  [1m[35mSQL (0.3ms)[0m  [1m[32mINSERT INTO `communities` (`name`, `created_at`, `updated_at`, `description`, `icon`, `typus`) VALUES ('Tourismus & Gastronomie', '2018-04-03 12:33:06', '2018-04-03 12:33:06', '', 'assets/images/icons/Tourismus und Gastronomie.svg', 'Branche')[0m
  [1m[35m (1.6ms)[0m  [1m[35mCOMMIT[0m
  [1m[35m (0.1ms)[0m  [1m[35mBEGIN[0m
  [1m[35mSQL (0.3ms)[0m  [1m[32mINSERT INTO `communities` (`name`, `created_at`, `updated_at`, `description`, `icon`, `typus`) VALUES ('Life Science\n', '2018-04-03 12:33:06', '2018-04-03 12:33:06', '', 'assets/images/icons/Life Science.svg', 'Branche')[0m
  [1m[35m (1.8ms)[0m  [1m[35mCOMMIT[0m
  [1m[35m (0.2ms)[0m  [1m[35mBEGIN[0m
  [1m[35mSQL (0.4ms)[0m  [1m[32mINSERT INTO `communities` (`name`, `created_at`, `updated_at`, `description`, `icon`, `typus`) VALUES ('Mobilität, Verkehr & Logistik', '2018-04-03 12:33:06', '2018-04-03 12:33:06', '', 'assets/images/icons/Mobilität, Logistik, Verkehr.svg', 'Branche')[0m
  [1m[35m (1.6ms)[0m  [1m[35mCOMMIT[0m
  [1m[35m (0.2ms)[0m  [1m[35mBEGIN[0m
  [1m[35mSQL (0.3ms)[0m  [1m[32mINSERT INTO `communities` (`name`, `created_at`, `updated_at`, `description`, `icon`, `typus`) VALUES ('Design & Kreativwirtschaft', '2018-04-03 12:33:06', '2018-04-03 12:33:06', '', 'assets/images/icons/Design und Kreativwirtschaft.svg', 'Branche')[0m
  [1m[35m (1.6ms)[0m  [1m[35mCOMMIT[0m
  [1m[35m (0.1ms)[0m  [1m[35mBEGIN[0m
  [1m[35mSQL (0.3ms)[0m  [1m[32mINSERT INTO `communities` (`name`, `created_at`, `updated_at`, `description`, `icon`, `typus`) VALUES ('IT & Softwareentwicklung', '2018-04-03 12:33:06', '2018-04-03 12:33:06', '', 'assets/images/icons/IT Softwareentwicklung.svg', 'Branche')[0m
  [1m[35m (1.6ms)[0m  [1m[35mCOMMIT[0m
  [1m[35m (0.1ms)[0m  [1m[35mBEGIN[0m
  [1m[35mSQL (0.3ms)[0m  [1m[32mINSERT INTO `communities` (`name`, `created_at`, `updated_at`, `description`, `icon`, `typus`) VALUES ('Sonstiges\n', '2018-04-03 12:33:06', '2018-04-03 12:33:06', '', 'assets/images/icons/Sonstiges.svg', 'Branche')[0m
  [1m[35m (1.6ms)[0m  [1m[35mCOMMIT[0m
  [1m[35m (0.2ms)[0m  [1m[35mBEGIN[0m
  [1m[35mSQL (0.3ms)[0m  [1m[32mINSERT INTO `communities` (`name`, `created_at`, `updated_at`, `description`, `icon`, `typus`) VALUES ('3d-Printing', '2018-04-03 12:33:06', '2018-04-03 12:33:06', '', 'assets/images/icons/3d-printing.svg', 'Thema')[0m
  [1m[35m (1.6ms)[0m  [1m[35mCOMMIT[0m
  [1m[35m (0.1ms)[0m  [1m[35mBEGIN[0m
  [1m[35mSQL (0.3ms)[0m  [1m[32mINSERT INTO `communities` (`name`, `created_at`, `updated_at`, `description`, `icon`, `typus`) VALUES ('AI', '2018-04-03 12:33:06', '2018-04-03 12:33:06', '', 'assets/images/icons/AI.svg', 'Thema')[0m
  [1m[35m (1.7ms)[0m  [1m[35mCOMMIT[0m
  [1m[35m (0.1ms)[0m  [1m[35mBEGIN[0m
  [1m[35mSQL (0.3ms)[0m  [1m[32mINSERT INTO `communities` (`name`, `created_at`, `updated_at`, `description`, `icon`, `typus`) VALUES ('App Entwicklung', '2018-04-03 12:33:06', '2018-04-03 12:33:06', '', 'assets/images/icons/App Entwicklung.svg', 'Thema')[0m
  [1m[35m (1.5ms)[0m  [1m[35mCOMMIT[0m
  [1m[35m (0.1ms)[0m  [1m[35mBEGIN[0m
  [1m[35mSQL (0.4ms)[0m  [1m[32mINSERT INTO `communities` (`name`, `created_at`, `updated_at`, `description`, `icon`, `typus`) VALUES ('Beratung Consulting', '2018-04-03 12:33:06', '2018-04-03 12:33:06', '', 'assets/images/icons/Beratungsunternehmen.svg', 'Thema')[0m
  [1m[35m (1.8ms)[0m  [1m[35mCOMMIT[0m
  [1m[35m (0.2ms)[0m  [1m[35mBEGIN[0m
  [1m[35mSQL (0.3ms)[0m  [1m[32mINSERT INTO `communities` (`name`, `created_at`, `updated_at`, `description`, `icon`, `typus`) VALUES ('Bildung', '2018-04-03 12:33:06', '2018-04-03 12:33:06', '', 'assets/images/icons/Bildung.svg', 'Thema')[0m
  [1m[35m (1.6ms)[0m  [1m[35mCOMMIT[0m
  [1m[35m (0.2ms)[0m  [1m[35mBEGIN[0m
  [1m[35mSQL (0.3ms)[0m  [1m[32mINSERT INTO `communities` (`name`, `created_at`, `updated_at`, `description`, `icon`, `typus`) VALUES ('Biotechnologie', '2018-04-03 12:33:06', '2018-04-03 12:33:06', '', 'assets/images/icons/Biotechnologie.svg', 'Thema')[0m
  [1m[35m (1.7ms)[0m  [1m[35mCOMMIT[0m
  [1m[35m (0.2ms)[0m  [1m[35mBEGIN[0m
  [1m[35mSQL (0.3ms)[0m  [1m[32mINSERT INTO `communities` (`name`, `created_at`, `updated_at`, `description`, `icon`, `typus`) VALUES ('Cloud & Big Data', '2018-04-03 12:33:06', '2018-04-03 12:33:06', '', 'assets/images/icons/Cloud Big Data.svg', 'Thema')[0m
  [1m[35m (1.6ms)[0m  [1m[35mCOMMIT[0m
  [1m[35m (0.2ms)[0m  [1m[35mBEGIN[0m
  [1m[35mSQL (0.3ms)[0m  [1m[32mINSERT INTO `communities` (`name`, `created_at`, `updated_at`, `description`, `icon`, `typus`) VALUES ('Cyber Security', '2018-04-03 12:33:06', '2018-04-03 12:33:06', '', 'assets/images/icons/Cyber Security.svg', 'Thema')[0m
  [1m[35m (1.4ms)[0m  [1m[35mCOMMIT[0m
  [1m[35m (0.2ms)[0m  [1m[35mBEGIN[0m
  [1m[35mSQL (0.3ms)[0m  [1m[32mINSERT INTO `communities` (`name`, `created_at`, `updated_at`, `description`, `icon`, `typus`) VALUES ('DIY', '2018-04-03 12:33:06', '2018-04-03 12:33:06', '', 'assets/images/icons/DIY Logo.svg', 'Thema')[0m
  [1m[35m (1.3ms)[0m  [1m[35mCOMMIT[0m
  [1m[35m (0.2ms)[0m  [1m[35mBEGIN[0m
  [1m[35mSQL (0.3ms)[0m  [1m[32mINSERT INTO `communities` (`name`, `created_at`, `updated_at`, `description`, `icon`, `typus`) VALUES ('E-Government', '2018-04-03 12:33:06', '2018-04-03 12:33:06', '', 'assets/images/icons/E-Government.svg', 'Thema')[0m
  [1m[35m (1.5ms)[0m  [1m[35mCOMMIT[0m
  [1m[35m (0.2ms)[0m  [1m[35mBEGIN[0m
  [1m[35mSQL (0.3ms)[0m  [1m[32mINSERT INTO `communities` (`name`, `created_at`, `updated_at`, `description`, `icon`, `typus`) VALUES ('e-health Smart Apps', '2018-04-03 12:33:06', '2018-04-03 12:33:06', '', 'assets/images/icons/e-health Smart Apps.svg', 'Thema')[0m
  [1m[35m (1.6ms)[0m  [1m[35mCOMMIT[0m
  [1m[35m (0.2ms)[0m  [1m[35mBEGIN[0m
  [1m[35mSQL (0.3ms)[0m  [1m[32mINSERT INTO `communities` (`name`, `created_at`, `updated_at`, `description`, `icon`, `typus`) VALUES ('e-Mobilität', '2018-04-03 12:33:06', '2018-04-03 12:33:06', '', 'assets/images/icons/e-Mobilität.svg', 'Thema')[0m
  [1m[35m (1.3ms)[0m  [1m[35mCOMMIT[0m
  [1m[35m (0.2ms)[0m  [1m[35mBEGIN[0m
  [1m[35mSQL (0.3ms)[0m  [1m[32mINSERT INTO `communities` (`name`, `created_at`, `updated_at`, `description`, `icon`, `typus`) VALUES ('Fahrzeug & Straßenverkehr', '2018-04-03 12:33:06', '2018-04-03 12:33:06', '', 'assets/images/icons/Fahrzeug & Straßenverkehr.svg', 'Thema')[0m
  [1m[35m (1.6ms)[0m  [1m[35mCOMMIT[0m
  [1m[35m (0.1ms)[0m  [1m[35mBEGIN[0m
  [1m[35mSQL (0.3ms)[0m  [1m[32mINSERT INTO `communities` (`name`, `created_at`, `updated_at`, `description`, `icon`, `typus`) VALUES ('Feinmechanik & Optik', '2018-04-03 12:33:06', '2018-04-03 12:33:06', '', 'assets/images/icons/Feinmechanik & Optik.svg', 'Thema')[0m
  [1m[35m (1.4ms)[0m  [1m[35mCOMMIT[0m
  [1m[35m (0.2ms)[0m  [1m[35mBEGIN[0m
  [1m[35mSQL (0.3ms)[0m  [1m[32mINSERT INTO `communities` (`name`, `created_at`, `updated_at`, `description`, `icon`, `typus`) VALUES ('Games', '2018-04-03 12:33:06', '2018-04-03 12:33:06', '', 'assets/images/icons/Games.svg', 'Thema')[0m
  [1m[35m (1.4ms)[0m  [1m[35mCOMMIT[0m
  [1m[35m (0.2ms)[0m  [1m[35mBEGIN[0m
  [1m[35mSQL (0.4ms)[0m  [1m[32mINSERT INTO `communities` (`name`, `created_at`, `updated_at`, `description`, `icon`, `typus`) VALUES ('Groß und Einzelhandel', '2018-04-03 12:33:06', '2018-04-03 12:33:06', '', 'assets/images/icons/Groß und Einzelhandel.svg', 'Thema')[0m
  [1m[35m (1.5ms)[0m  [1m[35mCOMMIT[0m
  [1m[35m (0.2ms)[0m  [1m[35mBEGIN[0m
  [1m[35mSQL (0.3ms)[0m  [1m[32mINSERT INTO `communities` (`name`, `created_at`, `updated_at`, `description`, `icon`, `typus`) VALUES ('Haushaltsgeräte', '2018-04-03 12:33:06', '2018-04-03 12:33:06', '', 'assets/images/icons/Haushaltsgeräte.svg', 'Thema')[0m
  [1m[35m (1.7ms)[0m  [1m[35mCOMMIT[0m
  [1m[35m (0.2ms)[0m  [1m[35mBEGIN[0m
  [1m[35mSQL (0.3ms)[0m  [1m[32mINSERT INTO `communities` (`name`, `created_at`, `updated_at`, `description`, `icon`, `typus`) VALUES ('Hobby', '2018-04-03 12:33:06', '2018-04-03 12:33:06', '', 'assets/images/icons/Hobby.svg', 'Thema')[0m
  [1m[35m (1.8ms)[0m  [1m[35mCOMMIT[0m
  [1m[35m (0.2ms)[0m  [1m[35mBEGIN[0m
  [1m[35mSQL (0.4ms)[0m  [1m[32mINSERT INTO `communities` (`name`, `created_at`, `updated_at`, `description`, `icon`, `typus`) VALUES ('Internet', '2018-04-03 12:33:06', '2018-04-03 12:33:06', '', 'assets/images/icons/Internet.svg', 'Thema')[0m
  [1m[35m (1.2ms)[0m  [1m[35mCOMMIT[0m
  [1m[35m (0.2ms)[0m  [1m[35mBEGIN[0m
  [1m[35mSQL (0.3ms)[0m  [1m[32mINSERT INTO `communities` (`name`, `created_at`, `updated_at`, `description`, `icon`, `typus`) VALUES ('IoT', '2018-04-03 12:33:06', '2018-04-03 12:33:06', '', 'assets/images/icons/IoT Icon.svg', 'Thema')[0m
  [1m[35m (1.2ms)[0m  [1m[35mCOMMIT[0m
  [1m[35m (0.1ms)[0m  [1m[35mBEGIN[0m
  [1m[35mSQL (0.4ms)[0m  [1m[32mINSERT INTO `communities` (`name`, `created_at`, `updated_at`, `description`, `icon`, `typus`) VALUES ('Konsumgüter', '2018-04-03 12:33:06', '2018-04-03 12:33:06', '', 'assets/images/icons/Konsumgüter.svg', 'Thema')[0m
  [1m[35m (0.6ms)[0m  [1m[35mCOMMIT[0m
  [1m[35m (0.2ms)[0m  [1m[35mBEGIN[0m
  [1m[35mSQL (0.3ms)[0m  [1m[32mINSERT INTO `communities` (`name`, `created_at`, `updated_at`, `description`, `icon`, `typus`) VALUES ('Kunst und Kultur', '2018-04-03 12:33:06', '2018-04-03 12:33:06', '', 'assets/images/icons/Kunst und Kultur.svg', 'Thema')[0m
  [1m[35m (1.0ms)[0m  [1m[35mCOMMIT[0m
  [1m[35m (0.2ms)[0m  [1m[35mBEGIN[0m
  [1m[35mSQL (0.3ms)[0m  [1m[32mINSERT INTO `communities` (`name`, `created_at`, `updated_at`, `description`, `icon`, `typus`) VALUES ('Maschinen und Gerätehersteller', '2018-04-03 12:33:06', '2018-04-03 12:33:06', '', 'assets/images/icons/Maschinen und Gerätehersteller.svg', 'Thema')[0m
  [1m[35m (1.1ms)[0m  [1m[35mCOMMIT[0m
  [1m[35m (0.2ms)[0m  [1m[35mBEGIN[0m
  [1m[35mSQL (0.3ms)[0m  [1m[32mINSERT INTO `communities` (`name`, `created_at`, `updated_at`, `description`, `icon`, `typus`) VALUES ('Medizintechnik', '2018-04-03 12:33:06', '2018-04-03 12:33:06', '', 'assets/images/icons/Medizintechnik.svg', 'Thema')[0m
  [1m[35m (1.1ms)[0m  [1m[35mCOMMIT[0m
  [1m[35m (0.1ms)[0m  [1m[35mBEGIN[0m
  [1m[35mSQL (0.3ms)[0m  [1m[32mINSERT INTO `communities` (`name`, `created_at`, `updated_at`, `description`, `icon`, `typus`) VALUES ('Online Marketplace', '2018-04-03 12:33:06', '2018-04-03 12:33:06', '', 'assets/images/icons/Online Marketplace.svg', 'Thema')[0m
  [1m[35m (1.0ms)[0m  [1m[35mCOMMIT[0m
  [1m[35m (0.1ms)[0m  [1m[35mBEGIN[0m
  [1m[35mSQL (0.3ms)[0m  [1m[32mINSERT INTO `communities` (`name`, `created_at`, `updated_at`, `description`, `icon`, `typus`) VALUES ('Online Service Portal', '2018-04-03 12:33:06', '2018-04-03 12:33:06', '', 'assets/images/icons/Online Service Portal.svg', 'Thema')[0m
  [1m[35m (0.9ms)[0m  [1m[35mCOMMIT[0m
  [1m[35m (0.1ms)[0m  [1m[35mBEGIN[0m
  [1m[35mSQL (0.3ms)[0m  [1m[32mINSERT INTO `communities` (`name`, `created_at`, `updated_at`, `description`, `icon`, `typus`) VALUES ('Robots', '2018-04-03 12:33:06', '2018-04-03 12:33:06', '', 'assets/images/icons/Robots.svg', 'Thema')[0m
  [1m[35m (0.5ms)[0m  [1m[35mCOMMIT[0m
  [1m[35m (0.1ms)[0m  [1m[35mBEGIN[0m
  [1m[35mSQL (0.3ms)[0m  [1m[32mINSERT INTO `communities` (`name`, `created_at`, `updated_at`, `description`, `icon`, `typus`) VALUES ('Smart Home', '2018-04-03 12:33:06', '2018-04-03 12:33:06', '', 'assets/images/icons/Smart Home.svg', 'Thema')[0m
  [1m[35m (1.0ms)[0m  [1m[35mCOMMIT[0m
  [1m[35m (0.2ms)[0m  [1m[35mBEGIN[0m
  [1m[35mSQL (0.3ms)[0m  [1m[32mINSERT INTO `communities` (`name`, `created_at`, `updated_at`, `description`, `icon`, `typus`) VALUES ('Sport und Wellness', '2018-04-03 12:33:06', '2018-04-03 12:33:06', '', 'assets/images/icons/Sport und Wellness.svg', 'Thema')[0m
  [1m[35m (1.0ms)[0m  [1m[35mCOMMIT[0m
  [1m[35m (0.2ms)[0m  [1m[35mBEGIN[0m
  [1m[35mSQL (0.3ms)[0m  [1m[32mINSERT INTO `communities` (`name`, `created_at`, `updated_at`, `description`, `icon`, `typus`) VALUES ('Suchmaschinen und SEO', '2018-04-03 12:33:06', '2018-04-03 12:33:06', '', 'assets/images/icons/Suchmaschinen und SEO.svg', 'Thema')[0m
  [1m[35m (1.1ms)[0m  [1m[35mCOMMIT[0m
  [1m[35m (0.1ms)[0m  [1m[35mBEGIN[0m
  [1m[35mSQL (0.3ms)[0m  [1m[32mINSERT INTO `communities` (`name`, `created_at`, `updated_at`, `description`, `icon`, `typus`) VALUES ('Umwelt und Energietechnologie', '2018-04-03 12:33:06', '2018-04-03 12:33:06', '', 'assets/images/icons/Umwelt und Energietechnologie.svg', 'Thema')[0m
  [1m[35m (1.2ms)[0m  [1m[35mCOMMIT[0m
  [1m[35m (0.2ms)[0m  [1m[35mBEGIN[0m
  [1m[35mSQL (0.3ms)[0m  [1m[32mINSERT INTO `communities` (`name`, `created_at`, `updated_at`, `description`, `icon`, `typus`) VALUES ('VR AR', '2018-04-03 12:33:06', '2018-04-03 12:33:06', '', 'assets/images/icons/VR AR.svg', 'Thema')[0m
  [1m[35m (1.2ms)[0m  [1m[35mCOMMIT[0m
  [1m[35m (0.2ms)[0m  [1m[35mBEGIN[0m
  [1m[35mSQL (0.3ms)[0m  [1m[32mINSERT INTO `communities` (`name`, `created_at`, `updated_at`, `description`, `icon`, `typus`) VALUES ('Wearables', '2018-04-03 12:33:06', '2018-04-03 12:33:06', '', 'assets/images/icons/Wearables.svg', 'Thema')[0m
  [1m[35m (1.2ms)[0m  [1m[35mCOMMIT[0m
  [1m[35m (0.2ms)[0m  [1m[35mBEGIN[0m
  [1m[35mSQL (0.3ms)[0m  [1m[32mINSERT INTO `communities` (`name`, `created_at`, `updated_at`, `description`, `icon`, `typus`) VALUES ('Web-Entwicklung', '2018-04-03 12:33:06', '2018-04-03 12:33:06', '', 'assets/images/icons/WebEntwicklung.svg', 'Thema')[0m
  [1m[35m (1.5ms)[0m  [1m[35mCOMMIT[0m
  [1m[35m (0.7ms)[0m  [1m[35mBEGIN[0m
  [1m[35mSQL (0.4ms)[0m  [1m[32mINSERT INTO `communities` (`name`, `created_at`, `updated_at`, `description`, `icon`, `typus`) VALUES ('Werbung und Marketing', '2018-04-03 12:33:06', '2018-04-03 12:33:06', '', 'assets/images/icons/Werbung und Marketing.svg', 'Thema')[0m
  [1m[35m (1.4ms)[0m  [1m[35mCOMMIT[0m
  [1m[35m (0.3ms)[0m  [1m[35mBEGIN[0m
  [1m[36mUser Exists (0.4ms)[0m  [1m[34mSELECT  1 AS one FROM `users` WHERE `users`.`email` = BINARY 'braunt2@protonmail.com' LIMIT 1[0m
  [1m[35mSQL (0.4ms)[0m  [1m[32mINSERT INTO `users` (`username`, `created_at`, `updated_at`, `email`, `encrypted_password`, `role`) VALUES ('admin2', '2018-04-03 12:33:06', '2018-04-03 12:33:06', 'braunt2@protonmail.com', '$2a$11$lZaOJFQH.iW4daGt1LWuV.XPGvmN45nHFUCGsprVM2bl2T8m7BSP2', 'admin')[0m
  [1m[35m (1.6ms)[0m  [1m[35mCOMMIT[0m
  [1m[35m (0.2ms)[0m  [1m[35mBEGIN[0m
  [1m[35mSQL (0.4ms)[0m  [1m[32mINSERT INTO `projects` (`name`, `user_id`, `created_at`, `updated_at`, `goal`, `problem`, `solution`, `coop`, `likes`, `status`) VALUES ('DemoProjekt', 1, '2018-04-03 12:33:06', '2018-04-03 12:33:06', 'Serve as Filler for the Page', 'It\'s hard to see what the page looks like without filler.', 'Create a premade Projet to fill this', 1, 3, 'Published')[0m
  [1m[35m (1.7ms)[0m  [1m[35mCOMMIT[0m
  [1m[35m (0.2ms)[0m  [1m[35mBEGIN[0m
  [1m[35mSQL (0.3ms)[0m  [1m[32mINSERT INTO `communities_projects` (`project_id`, `community_id`) VALUES (1, 1)[0m
  [1m[35m (1.3ms)[0m  [1m[35mCOMMIT[0m
  [1m[35m (0.2ms)[0m  [1m[35mBEGIN[0m
  [1m[36mUser Load (0.4ms)[0m  [1m[34mSELECT  `users`.* FROM `users` WHERE `users`.`id` = 1 LIMIT 1[0m
  [1m[36mProject Load (0.5ms)[0m  [1m[34mSELECT  `projects`.* FROM `projects` WHERE `projects`.`id` = 1 LIMIT 1[0m
  [1m[35mSQL (0.3ms)[0m  [1m[32mINSERT INTO `comments` (`user_id`, `parent_id`, `parent_type`, `created_at`, `updated_at`) VALUES (1, 1, 'Project', '2018-04-03 12:33:06', '2018-04-03 12:33:06')[0m
  [1m[35m (1.2ms)[0m  [1m[35mCOMMIT[0m
Started HEAD "/" for 127.0.0.1 at 2018-04-03 14:40:30 +0200
  [1m[35m (0.4ms)[0m  [1m[35mSET NAMES utf8,  @@SESSION.sql_mode = CONCAT(CONCAT(@@sql_mode, ',STRICT_ALL_TABLES'), ',NO_AUTO_VALUE_ON_ZERO'),  @@SESSION.sql_auto_is_null = 0, @@SESSION.wait_timeout = 2147483[0m
  [1m[35m (0.3ms)[0m  [1m[34mSELECT `schema_migrations`.`version` FROM `schema_migrations` ORDER BY `schema_migrations`.`version` ASC[0m
Processing by HomeController#index as HTML
  Rendering home/index.html.erb within layouts/index
  Rendered home/index.html.erb within layouts/index (1.4ms)
Completed 200 OK in 17ms (Views: 6.7ms | ActiveRecord: 0.0ms)


Started GET "/" for 127.0.0.1 at 2018-04-03 14:40:34 +0200
Processing by HomeController#index as HTML
  Rendering home/index.html.erb within layouts/index
  Rendered home/index.html.erb within layouts/index (0.7ms)
Completed 200 OK in 7ms (Views: 6.2ms | ActiveRecord: 0.0ms)


Started GET "/api/v1/communities/popular.json" for 127.0.0.1 at 2018-04-03 14:40:36 +0200
Started GET "/api/v1/projects/featured.json" for 127.0.0.1 at 2018-04-03 14:40:36 +0200
  [1m[36mCommunity Load (1.0ms)[0m  [1m[34mSELECT  `communities`.* FROM `communities` LEFT OUTER JOIN `communities_projects` ON `communities_projects`.`community_id` = `communities`.`id` GROUP BY `communities`.`id` ORDER BY COUNT(communities_projects.community_id) DESC LIMIT 6[0m
  [1m[35m (3.8ms)[0m  [1m[35mSET NAMES utf8,  @@SESSION.sql_mode = CONCAT(CONCAT(@@sql_mode, ',STRICT_ALL_TABLES'), ',NO_AUTO_VALUE_ON_ZERO'),  @@SESSION.sql_auto_is_null = 0, @@SESSION.wait_timeout = 2147483[0m
  [1m[35m (0.4ms)[0m  [1m[34mSELECT `schema_migrations`.`version` FROM `schema_migrations` ORDER BY `schema_migrations`.`version` ASC[0m
  [1m[36mProject Load (0.5ms)[0m  [1m[34mSELECT  `projects`.* FROM `projects` ORDER BY `projects`.`likes` ASC LIMIT 12[0m
Started GET "/api/v1/communities.json" for 127.0.0.1 at 2018-04-03 14:40:37 +0200
  [1m[36mCommunity Load (0.5ms)[0m  [1m[34mSELECT `communities`.`id`, `communities`.`name`, `communities`.`icon`, `communities`.`typus` FROM `communities`[0m
Started GET "/%7B%22url%22:%22/assets/images/gv_default.jpg%22%7D" for 127.0.0.1 at 2018-04-03 14:40:37 +0200
Processing by HomeController#index as 
  Parameters: {"path"=>"{\"url\":\"/assets/images/gv_default"}
  Rendering home/index.html.erb within layouts/index
  Rendered home/index.html.erb within layouts/index (0.6ms)
Completed 200 OK in 12ms (Views: 12.1ms | ActiveRecord: 0.0ms)


Started HEAD "/" for 127.0.0.1 at 2018-04-03 15:24:45 +0200
  [1m[35m (46.7ms)[0m  [1m[35mSET NAMES utf8,  @@SESSION.sql_mode = CONCAT(CONCAT(@@sql_mode, ',STRICT_ALL_TABLES'), ',NO_AUTO_VALUE_ON_ZERO'),  @@SESSION.sql_auto_is_null = 0, @@SESSION.wait_timeout = 2147483[0m
  [1m[35m (13.5ms)[0m  [1m[34mSELECT `schema_migrations`.`version` FROM `schema_migrations` ORDER BY `schema_migrations`.`version` ASC[0m
Processing by HomeController#index as HTML
  Rendering home/index.html.erb within layouts/index
  Rendered home/index.html.erb within layouts/index (9.7ms)
Completed 200 OK in 60ms (Views: 51.3ms | ActiveRecord: 0.0ms)


Started GET "/" for 127.0.0.1 at 2018-04-03 15:25:12 +0200
Processing by HomeController#index as HTML
  Rendering home/index.html.erb within layouts/index
  Rendered home/index.html.erb within layouts/index (0.7ms)
Completed 200 OK in 8ms (Views: 7.6ms | ActiveRecord: 0.0ms)


Started GET "/api/v1/communities/popular.json" for 127.0.0.1 at 2018-04-03 15:25:15 +0200
Started GET "/api/v1/projects/featured.json" for 127.0.0.1 at 2018-04-03 15:25:15 +0200
  [1m[35m (2.2ms)[0m  [1m[35mSET NAMES utf8,  @@SESSION.sql_mode = CONCAT(CONCAT(@@sql_mode, ',STRICT_ALL_TABLES'), ',NO_AUTO_VALUE_ON_ZERO'),  @@SESSION.sql_auto_is_null = 0, @@SESSION.wait_timeout = 2147483[0m
  [1m[35m (5.5ms)[0m  [1m[34mSELECT `schema_migrations`.`version` FROM `schema_migrations` ORDER BY `schema_migrations`.`version` ASC[0m
  [1m[36mCommunity Load (47.0ms)[0m  [1m[34mSELECT  `communities`.* FROM `communities` LEFT OUTER JOIN `communities_projects` ON `communities_projects`.`community_id` = `communities`.`id` GROUP BY `communities`.`id` ORDER BY COUNT(communities_projects.community_id) DESC LIMIT 6[0m
  [1m[36mProject Load (1.7ms)[0m  [1m[34mSELECT  `projects`.* FROM `projects` ORDER BY `projects`.`likes` ASC LIMIT 12[0m
Started GET "/api/v1/communities.json" for 127.0.0.1 at 2018-04-03 15:25:16 +0200
  [1m[36mCommunity Load (1.6ms)[0m  [1m[34mSELECT `communities`.`id`, `communities`.`name`, `communities`.`icon`, `communities`.`typus` FROM `communities`[0m
Started GET "/%7B%22url%22:%22/assets/images/gv_default.jpg%22%7D" for 127.0.0.1 at 2018-04-03 15:25:17 +0200
Processing by HomeController#index as 
  Parameters: {"path"=>"{\"url\":\"/assets/images/gv_default"}
  Rendering home/index.html.erb within layouts/index
  Rendered home/index.html.erb within layouts/index (0.7ms)
Completed 200 OK in 15ms (Views: 14.2ms | ActiveRecord: 0.0ms)


Started GET "/" for 127.0.0.1 at 2018-04-03 15:49:02 +0200
Processing by HomeController#index as HTML
  Rendering home/index.html.erb within layouts/index
  Rendered home/index.html.erb within layouts/index (0.9ms)
Completed 200 OK in 15ms (Views: 14.1ms | ActiveRecord: 0.0ms)


Started GET "/api/v1/communities/popular.json" for 127.0.0.1 at 2018-04-03 15:49:05 +0200
  [1m[36mCommunity Load (8.3ms)[0m  [1m[34mSELECT  `communities`.* FROM `communities` LEFT OUTER JOIN `communities_projects` ON `communities_projects`.`community_id` = `communities`.`id` GROUP BY `communities`.`id` ORDER BY COUNT(communities_projects.community_id) DESC LIMIT 6[0m
Started GET "/api/v1/projects/featured.json" for 127.0.0.1 at 2018-04-03 15:49:05 +0200
  [1m[36mProject Load (1.9ms)[0m  [1m[34mSELECT  `projects`.* FROM `projects` ORDER BY `projects`.`likes` ASC LIMIT 12[0m
Started GET "/api/v1/communities.json" for 127.0.0.1 at 2018-04-03 15:49:05 +0200
  [1m[36mCommunity Load (0.4ms)[0m  [1m[34mSELECT `communities`.`id`, `communities`.`name`, `communities`.`icon`, `communities`.`typus` FROM `communities`[0m
Started GET "/%7B%22url%22:%22/assets/images/gv_default.jpg%22%7D" for 127.0.0.1 at 2018-04-03 15:49:06 +0200
Processing by HomeController#index as 
  Parameters: {"path"=>"{\"url\":\"/assets/images/gv_default"}
  Rendering home/index.html.erb within layouts/index
  Rendered home/index.html.erb within layouts/index (0.7ms)
Completed 200 OK in 13ms (Views: 12.8ms | ActiveRecord: 0.0ms)


Started GET "/registration" for 127.0.0.1 at 2018-04-03 15:49:10 +0200
Processing by HomeController#index as HTML
  Parameters: {"path"=>"registration"}
  Rendering home/index.html.erb within layouts/index
  Rendered home/index.html.erb within layouts/index (0.6ms)
Completed 200 OK in 7ms (Views: 6.2ms | ActiveRecord: 0.0ms)


Started GET "/registration" for 127.0.0.1 at 2018-04-03 15:50:15 +0200
Processing by HomeController#index as HTML
  Parameters: {"path"=>"registration"}
  Rendering home/index.html.erb within layouts/index
  Rendered home/index.html.erb within layouts/index (0.6ms)
Completed 200 OK in 5ms (Views: 4.6ms | ActiveRecord: 0.0ms)


Started GET "/registration" for 127.0.0.1 at 2018-04-03 15:50:42 +0200
Processing by HomeController#index as HTML
  Parameters: {"path"=>"registration"}
  Rendering home/index.html.erb within layouts/index
  Rendered home/index.html.erb within layouts/index (0.6ms)
Completed 200 OK in 10ms (Views: 9.7ms | ActiveRecord: 0.0ms)


Started GET "/registration" for 127.0.0.1 at 2018-04-03 15:51:57 +0200
Processing by HomeController#index as HTML
  Parameters: {"path"=>"registration"}
  Rendering home/index.html.erb within layouts/index
  Rendered home/index.html.erb within layouts/index (0.7ms)
Completed 200 OK in 9ms (Views: 9.1ms | ActiveRecord: 0.0ms)


Started GET "/api/v1/communities.json" for 127.0.0.1 at 2018-04-03 15:52:00 +0200
  [1m[36mCommunity Load (0.4ms)[0m  [1m[34mSELECT `communities`.`id`, `communities`.`name`, `communities`.`icon`, `communities`.`typus` FROM `communities`[0m
Started GET "/registration" for 127.0.0.1 at 2018-04-03 15:53:41 +0200
Processing by HomeController#index as HTML
  Parameters: {"path"=>"registration"}
  Rendering home/index.html.erb within layouts/index
  Rendered home/index.html.erb within layouts/index (0.6ms)
Completed 200 OK in 6ms (Views: 5.3ms | ActiveRecord: 0.0ms)


Started GET "/api/v1/communities.json" for 127.0.0.1 at 2018-04-03 15:53:44 +0200
  [1m[36mCommunity Load (0.4ms)[0m  [1m[34mSELECT `communities`.`id`, `communities`.`name`, `communities`.`icon`, `communities`.`typus` FROM `communities`[0m
Started GET "/registration" for 127.0.0.1 at 2018-04-03 15:53:56 +0200
Processing by HomeController#index as HTML
  Parameters: {"path"=>"registration"}
  Rendering home/index.html.erb within layouts/index
  Rendered home/index.html.erb within layouts/index (0.9ms)
Completed 200 OK in 8ms (Views: 7.7ms | ActiveRecord: 0.0ms)


Started GET "/api/v1/communities.json" for 127.0.0.1 at 2018-04-03 15:53:59 +0200
  [1m[36mCommunity Load (0.4ms)[0m  [1m[34mSELECT `communities`.`id`, `communities`.`name`, `communities`.`icon`, `communities`.`typus` FROM `communities`[0m
Started GET "/registration" for 127.0.0.1 at 2018-04-03 15:55:03 +0200
Processing by HomeController#index as HTML
  Parameters: {"path"=>"registration"}
  Rendering home/index.html.erb within layouts/index
  Rendered home/index.html.erb within layouts/index (0.7ms)
Completed 200 OK in 8ms (Views: 7.1ms | ActiveRecord: 0.0ms)


Started GET "/api/v1/communities.json" for 127.0.0.1 at 2018-04-03 15:55:07 +0200
  [1m[36mCommunity Load (0.9ms)[0m  [1m[34mSELECT `communities`.`id`, `communities`.`name`, `communities`.`icon`, `communities`.`typus` FROM `communities`[0m
Started GET "/registration" for 127.0.0.1 at 2018-04-03 15:55:47 +0200
Processing by HomeController#index as HTML
  Parameters: {"path"=>"registration"}
  Rendering home/index.html.erb within layouts/index
  Rendered home/index.html.erb within layouts/index (0.6ms)
Completed 200 OK in 11ms (Views: 10.4ms | ActiveRecord: 0.0ms)


Started GET "/api/v1/communities.json" for 127.0.0.1 at 2018-04-03 15:55:50 +0200
  [1m[36mCommunity Load (0.4ms)[0m  [1m[34mSELECT `communities`.`id`, `communities`.`name`, `communities`.`icon`, `communities`.`typus` FROM `communities`[0m
Started GET "/registration" for 127.0.0.1 at 2018-04-03 16:03:04 +0200
Processing by HomeController#index as HTML
  Parameters: {"path"=>"registration"}
  Rendering home/index.html.erb within layouts/index
  Rendered home/index.html.erb within layouts/index (3.3ms)
Completed 200 OK in 7ms (Views: 6.5ms | ActiveRecord: 0.0ms)


Started GET "/api/v1/communities.json" for 127.0.0.1 at 2018-04-03 16:03:08 +0200
  [1m[36mCommunity Load (0.5ms)[0m  [1m[34mSELECT `communities`.`id`, `communities`.`name`, `communities`.`icon`, `communities`.`typus` FROM `communities`[0m
Started HEAD "/" for 127.0.0.1 at 2018-04-05 13:06:56 +0200
  [1m[35m (115.7ms)[0m  [1m[35mSET NAMES utf8,  @@SESSION.sql_mode = CONCAT(CONCAT(@@sql_mode, ',STRICT_ALL_TABLES'), ',NO_AUTO_VALUE_ON_ZERO'),  @@SESSION.sql_auto_is_null = 0, @@SESSION.wait_timeout = 2147483[0m
  [1m[35m (0.3ms)[0m  [1m[34mSELECT `schema_migrations`.`version` FROM `schema_migrations` ORDER BY `schema_migrations`.`version` ASC[0m
Processing by HomeController#index as HTML
  Rendering home/index.html.erb within layouts/index
  Rendered home/index.html.erb within layouts/index (12.9ms)
Completed 200 OK in 124ms (Views: 113.2ms | ActiveRecord: 0.0ms)


Started GET "/registration" for 127.0.0.1 at 2018-04-05 14:29:23 +0200
Processing by HomeController#index as HTML
  Parameters: {"path"=>"registration"}
  Rendering home/index.html.erb within layouts/index
  Rendered home/index.html.erb within layouts/index (0.7ms)
Completed 200 OK in 8ms (Views: 7.7ms | ActiveRecord: 0.0ms)


Started GET "/api/v1/communities.json" for 127.0.0.1 at 2018-04-05 14:29:25 +0200
  [1m[36mCommunity Load (0.4ms)[0m  [1m[34mSELECT `communities`.`id`, `communities`.`name`, `communities`.`icon`, `communities`.`typus` FROM `communities`[0m
Started GET "/registration" for 127.0.0.1 at 2018-04-05 14:31:51 +0200
Processing by HomeController#index as HTML
  Parameters: {"path"=>"registration"}
  Rendering home/index.html.erb within layouts/index
  Rendered home/index.html.erb within layouts/index (1.4ms)
Completed 200 OK in 9ms (Views: 7.0ms | ActiveRecord: 0.0ms)


Started GET "/api/v1/communities.json" for 127.0.0.1 at 2018-04-05 14:31:54 +0200
  [1m[36mCommunity Load (0.4ms)[0m  [1m[34mSELECT `communities`.`id`, `communities`.`name`, `communities`.`icon`, `communities`.`typus` FROM `communities`[0m
Started GET "/registration" for 127.0.0.1 at 2018-04-05 14:32:33 +0200
Processing by HomeController#index as HTML
  Parameters: {"path"=>"registration"}
  Rendering home/index.html.erb within layouts/index
  Rendered home/index.html.erb within layouts/index (0.5ms)
Completed 200 OK in 6ms (Views: 2.2ms | ActiveRecord: 0.0ms)


Started GET "/api/v1/communities.json" for 127.0.0.1 at 2018-04-05 14:32:37 +0200
  [1m[36mCommunity Load (0.5ms)[0m  [1m[34mSELECT `communities`.`id`, `communities`.`name`, `communities`.`icon`, `communities`.`typus` FROM `communities`[0m
Started GET "/registration" for 127.0.0.1 at 2018-04-05 14:32:52 +0200
Processing by HomeController#index as HTML
  Parameters: {"path"=>"registration"}
  Rendering home/index.html.erb within layouts/index
  Rendered home/index.html.erb within layouts/index (0.6ms)
Completed 200 OK in 8ms (Views: 7.7ms | ActiveRecord: 0.0ms)


Started GET "/api/v1/communities.json" for 127.0.0.1 at 2018-04-05 14:32:55 +0200
  [1m[36mCommunity Load (1.6ms)[0m  [1m[34mSELECT `communities`.`id`, `communities`.`name`, `communities`.`icon`, `communities`.`typus` FROM `communities`[0m
Started GET "/registration" for 127.0.0.1 at 2018-04-05 14:48:55 +0200
Processing by HomeController#index as HTML
  Parameters: {"path"=>"registration"}
  Rendering home/index.html.erb within layouts/index
  Rendered home/index.html.erb within layouts/index (0.7ms)
Completed 200 OK in 12ms (Views: 11.4ms | ActiveRecord: 0.0ms)


Started GET "/api/v1/communities.json" for 127.0.0.1 at 2018-04-05 14:48:58 +0200
  [1m[36mCommunity Load (0.4ms)[0m  [1m[34mSELECT `communities`.`id`, `communities`.`name`, `communities`.`icon`, `communities`.`typus` FROM `communities`[0m
Started GET "/api/v1/communities/popular.json" for 127.0.0.1 at 2018-04-05 14:49:12 +0200
  [1m[36mCommunity Load (42.1ms)[0m  [1m[34mSELECT  `communities`.* FROM `communities` LEFT OUTER JOIN `communities_projects` ON `communities_projects`.`community_id` = `communities`.`id` GROUP BY `communities`.`id` ORDER BY COUNT(communities_projects.community_id) DESC LIMIT 6[0m
Started GET "/api/v1/projects/featured.json" for 127.0.0.1 at 2018-04-05 14:49:12 +0200
  [1m[36mProject Load (14.8ms)[0m  [1m[34mSELECT  `projects`.* FROM `projects` ORDER BY `projects`.`likes` ASC LIMIT 12[0m
Started GET "/%7B%22url%22:%22/assets/images/gv_default.jpg%22%7D" for 127.0.0.1 at 2018-04-05 14:49:13 +0200
Processing by HomeController#index as 
  Parameters: {"path"=>"{\"url\":\"/assets/images/gv_default"}
  Rendering home/index.html.erb within layouts/index
  Rendered home/index.html.erb within layouts/index (0.7ms)
Completed 200 OK in 22ms (Views: 21.9ms | ActiveRecord: 0.0ms)


Started GET "/api/v1/communities.json" for 127.0.0.1 at 2018-04-05 14:49:31 +0200
  [1m[36mCommunity Load (0.4ms)[0m  [1m[34mSELECT `communities`.`id`, `communities`.`name`, `communities`.`icon`, `communities`.`typus` FROM `communities`[0m
Started GET "/registration" for 127.0.0.1 at 2018-04-05 14:50:00 +0200
Processing by HomeController#index as HTML
  Parameters: {"path"=>"registration"}
  Rendering home/index.html.erb within layouts/index
  Rendered home/index.html.erb within layouts/index (2.0ms)
Completed 200 OK in 9ms (Views: 8.6ms | ActiveRecord: 0.0ms)


Started GET "/api/v1/communities.json" for 127.0.0.1 at 2018-04-05 14:50:03 +0200
  [1m[36mCommunity Load (0.3ms)[0m  [1m[34mSELECT `communities`.`id`, `communities`.`name`, `communities`.`icon`, `communities`.`typus` FROM `communities`[0m
Started GET "/api/v1/communities/popular.json" for 127.0.0.1 at 2018-04-05 14:50:06 +0200
  [1m[36mCommunity Load (8.9ms)[0m  [1m[34mSELECT  `communities`.* FROM `communities` LEFT OUTER JOIN `communities_projects` ON `communities_projects`.`community_id` = `communities`.`id` GROUP BY `communities`.`id` ORDER BY COUNT(communities_projects.community_id) DESC LIMIT 6[0m
Started GET "/api/v1/projects/featured.json" for 127.0.0.1 at 2018-04-05 14:50:06 +0200
  [1m[35m (0.5ms)[0m  [1m[35mSET NAMES utf8,  @@SESSION.sql_mode = CONCAT(CONCAT(@@sql_mode, ',STRICT_ALL_TABLES'), ',NO_AUTO_VALUE_ON_ZERO'),  @@SESSION.sql_auto_is_null = 0, @@SESSION.wait_timeout = 2147483[0m
  [1m[35m (0.4ms)[0m  [1m[34mSELECT `schema_migrations`.`version` FROM `schema_migrations` ORDER BY `schema_migrations`.`version` ASC[0m
  [1m[36mProject Load (0.9ms)[0m  [1m[34mSELECT  `projects`.* FROM `projects` ORDER BY `projects`.`likes` ASC LIMIT 12[0m
Started GET "/%7B%22url%22:%22/assets/images/gv_default.jpg%22%7D" for 127.0.0.1 at 2018-04-05 14:50:07 +0200
Processing by HomeController#index as 
  Parameters: {"path"=>"{\"url\":\"/assets/images/gv_default"}
  Rendering home/index.html.erb within layouts/index
  Rendered home/index.html.erb within layouts/index (0.7ms)
Completed 200 OK in 19ms (Views: 18.7ms | ActiveRecord: 0.0ms)


Started GET "/api/v1/communities.json" for 127.0.0.1 at 2018-04-05 14:50:15 +0200
  [1m[36mCommunity Load (1.1ms)[0m  [1m[34mSELECT `communities`.`id`, `communities`.`name`, `communities`.`icon`, `communities`.`typus` FROM `communities`[0m
Started GET "/registration" for 127.0.0.1 at 2018-04-05 14:52:53 +0200
Processing by HomeController#index as HTML
  Parameters: {"path"=>"registration"}
  Rendering home/index.html.erb within layouts/index
  Rendered home/index.html.erb within layouts/index (0.9ms)
Completed 200 OK in 11ms (Views: 10.9ms | ActiveRecord: 0.0ms)


Started GET "/api/v1/communities.json" for 127.0.0.1 at 2018-04-05 14:52:57 +0200
  [1m[36mCommunity Load (0.4ms)[0m  [1m[34mSELECT `communities`.`id`, `communities`.`name`, `communities`.`icon`, `communities`.`typus` FROM `communities`[0m
Started GET "/registration" for 127.0.0.1 at 2018-04-05 14:53:13 +0200
Processing by HomeController#index as HTML
  Parameters: {"path"=>"registration"}
  Rendering home/index.html.erb within layouts/index
  Rendered home/index.html.erb within layouts/index (0.6ms)
Completed 200 OK in 9ms (Views: 8.6ms | ActiveRecord: 0.0ms)


Started GET "/api/v1/communities.json" for 127.0.0.1 at 2018-04-05 14:53:17 +0200
  [1m[36mCommunity Load (0.4ms)[0m  [1m[34mSELECT `communities`.`id`, `communities`.`name`, `communities`.`icon`, `communities`.`typus` FROM `communities`[0m
Started GET "/api/v1/communities/popular.json" for 127.0.0.1 at 2018-04-05 14:54:21 +0200
Started GET "/api/v1/projects/featured.json" for 127.0.0.1 at 2018-04-05 14:54:21 +0200
  [1m[36mCommunity Load (10.6ms)[0m  [1m[34mSELECT  `communities`.* FROM `communities` LEFT OUTER JOIN `communities_projects` ON `communities_projects`.`community_id` = `communities`.`id` GROUP BY `communities`.`id` ORDER BY COUNT(communities_projects.community_id) DESC LIMIT 6[0m
  [1m[36mProject Load (5.9ms)[0m  [1m[34mSELECT  `projects`.* FROM `projects` ORDER BY `projects`.`likes` ASC LIMIT 12[0m
Started GET "/%7B%22url%22:%22/assets/images/gv_default.jpg%22%7D" for 127.0.0.1 at 2018-04-05 14:54:22 +0200
Processing by HomeController#index as 
  Parameters: {"path"=>"{\"url\":\"/assets/images/gv_default"}
  Rendering home/index.html.erb within layouts/index
  Rendered home/index.html.erb within layouts/index (0.7ms)
Completed 200 OK in 11ms (Views: 10.8ms | ActiveRecord: 0.0ms)


Started GET "/api/v1/communities.json" for 127.0.0.1 at 2018-04-05 14:54:30 +0200
  [1m[36mCommunity Load (0.4ms)[0m  [1m[34mSELECT `communities`.`id`, `communities`.`name`, `communities`.`icon`, `communities`.`typus` FROM `communities`[0m
Started POST "/api/v1/users/" for 127.0.0.1 at 2018-04-05 14:55:49 +0200
  [1m[36mUser Load (2.2ms)[0m  [1m[34mSELECT  `users`.* FROM `users` WHERE `users`.`username` = 'Olafson LLC' LIMIT 1[0m
  [1m[36mUser Load (2.1ms)[0m  [1m[34mSELECT  `users`.* FROM `users` WHERE `users`.`email` = 'elvira@olafson.dk' LIMIT 1[0m
  
ActiveModel::UnknownAttributeError (unknown attribute 'name' for User.):
  
app/controllers/api/v1/update_users.rb:49:in `create_user'
app/controllers/api/v1/users.rb:45:in `block (2 levels) in <class:Users>'
  [1m[35m (4.6ms)[0m  [1m[35mSET NAMES utf8,  @@SESSION.sql_mode = CONCAT(CONCAT(@@sql_mode, ',STRICT_ALL_TABLES'), ',NO_AUTO_VALUE_ON_ZERO'),  @@SESSION.sql_auto_is_null = 0, @@SESSION.wait_timeout = 2147483[0m
  [1m[35m (0.3ms)[0m  [1m[34mSELECT `schema_migrations`.`version` FROM `schema_migrations` ORDER BY `schema_migrations`.`version` ASC[0m
  [1m[35m (2.1ms)[0m  [1m[34mSELECT `ar_internal_metadata`.`value` FROM `ar_internal_metadata` WHERE `ar_internal_metadata`.`key` = 'environment'[0m
  [1m[35m (0.3ms)[0m  [1m[34mSELECT `schema_migrations`.`version` FROM `schema_migrations` ORDER BY `schema_migrations`.`version` ASC[0m
  [1m[35m (0.3ms)[0m  [1m[34mSELECT `ar_internal_metadata`.`value` FROM `ar_internal_metadata` WHERE `ar_internal_metadata`.`key` = 'environment'[0m
  [1m[35m (0.3ms)[0m  [1m[34mSELECT `schema_migrations`.`version` FROM `schema_migrations` ORDER BY `schema_migrations`.`version` ASC[0m
  [1m[35m (0.3ms)[0m  [1m[34mSELECT `ar_internal_metadata`.`value` FROM `ar_internal_metadata` WHERE `ar_internal_metadata`.`key` = 'environment'[0m
  [1m[35m (0.3ms)[0m  [1m[35mSET NAMES utf8,  @@SESSION.sql_mode = CONCAT(CONCAT(@@sql_mode, ',STRICT_ALL_TABLES'), ',NO_AUTO_VALUE_ON_ZERO'),  @@SESSION.sql_auto_is_null = 0, @@SESSION.wait_timeout = 2147483[0m
  [1m[35m (251.1ms)[0m  [1m[35mDROP DATABASE IF EXISTS `db_83492517n1`[0m
  [1m[35m (0.3ms)[0m  [1m[35mSET NAMES utf8,  @@SESSION.sql_mode = CONCAT(CONCAT(@@sql_mode, ',STRICT_ALL_TABLES'), ',NO_AUTO_VALUE_ON_ZERO'),  @@SESSION.sql_auto_is_null = 0, @@SESSION.wait_timeout = 2147483[0m
  [1m[35m (0.5ms)[0m  [1m[35mDROP DATABASE IF EXISTS `db_83492517n3`[0m
  [1m[35m (0.5ms)[0m  [1m[35mSET NAMES utf8,  @@SESSION.sql_mode = CONCAT(CONCAT(@@sql_mode, ',STRICT_ALL_TABLES'), ',NO_AUTO_VALUE_ON_ZERO'),  @@SESSION.sql_auto_is_null = 0, @@SESSION.wait_timeout = 2147483[0m
  [1m[35m (8.9ms)[0m  [1m[35mCREATE TABLE `schema_migrations` (`version` varchar(255) NOT NULL PRIMARY KEY) ENGINE=InnoDB[0m
  [1m[35m (6.8ms)[0m  [1m[35mCREATE TABLE `ar_internal_metadata` (`key` varchar(255) NOT NULL PRIMARY KEY, `value` varchar(255), `created_at` datetime NOT NULL, `updated_at` datetime NOT NULL) ENGINE=InnoDB[0m
  [1m[35m (0.4ms)[0m  [1m[34mSELECT GET_LOCK('3224042296778746800', 0)[0m
  [1m[35m (0.3ms)[0m  [1m[34mSELECT `schema_migrations`.`version` FROM `schema_migrations` ORDER BY `schema_migrations`.`version` ASC[0m
Migrating to CreateUsers (20180216112712)
  [1m[35m (7.2ms)[0m  [1m[35mCREATE TABLE `users` (`id` bigint NOT NULL AUTO_INCREMENT PRIMARY KEY, `username` varchar(255), `created_at` datetime NOT NULL, `updated_at` datetime NOT NULL) ENGINE=InnoDB[0m
  [1m[35m (32.1ms)[0m  [1m[35mCREATE UNIQUE INDEX `index_users_on_username`  ON `users` (`username`) [0m
  [1m[35m (0.6ms)[0m  [1m[35mBEGIN[0m
  [1m[35mSQL (0.8ms)[0m  [1m[32mINSERT INTO `schema_migrations` (`version`) VALUES ('20180216112712')[0m
  [1m[35m (25.6ms)[0m  [1m[35mCOMMIT[0m
Migrating to CreateProjects (20180216112804)
  [1m[35m (8.5ms)[0m  [1m[35mCREATE TABLE `projects` (`id` bigint NOT NULL AUTO_INCREMENT PRIMARY KEY, `name` varchar(255), `user_id` int, `created_at` datetime NOT NULL, `updated_at` datetime NOT NULL) ENGINE=InnoDB[0m
  [1m[35m (0.2ms)[0m  [1m[35mBEGIN[0m
  [1m[35mSQL (7.7ms)[0m  [1m[32mINSERT INTO `schema_migrations` (`version`) VALUES ('20180216112804')[0m
  [1m[35m (2.0ms)[0m  [1m[35mCOMMIT[0m
Migrating to CreateCommunities (20180216112839)
  [1m[35m (9.5ms)[0m  [1m[35mCREATE TABLE `communities` (`id` bigint NOT NULL AUTO_INCREMENT PRIMARY KEY, `name` varchar(255), `created_at` datetime NOT NULL, `updated_at` datetime NOT NULL) ENGINE=InnoDB[0m
  [1m[35m (0.3ms)[0m  [1m[35mBEGIN[0m
  [1m[35mSQL (0.4ms)[0m  [1m[32mINSERT INTO `schema_migrations` (`version`) VALUES ('20180216112839')[0m
  [1m[35m (1.6ms)[0m  [1m[35mCOMMIT[0m
Migrating to CreateMemberships (20180216112857)
  [1m[35m (12.1ms)[0m  [1m[35mCREATE TABLE `communities_users` (`user_id` bigint, `community_id` bigint) ENGINE=InnoDB[0m
  [1m[35m (0.3ms)[0m  [1m[35mBEGIN[0m
  [1m[35mSQL (0.3ms)[0m  [1m[32mINSERT INTO `schema_migrations` (`version`) VALUES ('20180216112857')[0m
  [1m[35m (1.2ms)[0m  [1m[35mCOMMIT[0m
Migrating to CreateTags (20180216112939)
  [1m[35m (7.1ms)[0m  [1m[35mCREATE TABLE `communities_projects` (`project_id` bigint, `community_id` bigint) ENGINE=InnoDB[0m
  [1m[35m (0.4ms)[0m  [1m[35mBEGIN[0m
  [1m[35mSQL (0.3ms)[0m  [1m[32mINSERT INTO `schema_migrations` (`version`) VALUES ('20180216112939')[0m
  [1m[35m (1.1ms)[0m  [1m[35mCOMMIT[0m
Migrating to CreatePosts (20180216113015)
  [1m[35m (11.8ms)[0m  [1m[35mCREATE TABLE `posts` (`id` bigint NOT NULL AUTO_INCREMENT PRIMARY KEY, `title` varchar(255), `content` text, `user_id` int, `community_id` int, `created_at` datetime NOT NULL, `updated_at` datetime NOT NULL) ENGINE=InnoDB[0m
  [1m[35m (0.2ms)[0m  [1m[35mBEGIN[0m
  [1m[35mSQL (0.3ms)[0m  [1m[32mINSERT INTO `schema_migrations` (`version`) VALUES ('20180216113015')[0m
  [1m[35m (1.4ms)[0m  [1m[35mCOMMIT[0m
Migrating to CreateComments (20180216113040)
  [1m[35m (13.6ms)[0m  [1m[35mCREATE TABLE `comments` (`id` bigint NOT NULL AUTO_INCREMENT PRIMARY KEY, `title` varchar(255), `content` text, `user_id` int, `parent_id` int, `parent_type` varchar(255), `created_at` datetime NOT NULL, `updated_at` datetime NOT NULL) ENGINE=InnoDB[0m
  [1m[35m (0.2ms)[0m  [1m[35mBEGIN[0m
  [1m[35mSQL (0.3ms)[0m  [1m[32mINSERT INTO `schema_migrations` (`version`) VALUES ('20180216113040')[0m
  [1m[35m (1.1ms)[0m  [1m[35mCOMMIT[0m
Migrating to CreateReports (20180216113132)
  [1m[35m (10.2ms)[0m  [1m[35mCREATE TABLE `reports` (`id` bigint NOT NULL AUTO_INCREMENT PRIMARY KEY, `target_id` int, `target_model` int, `reason` varchar(255), `created_at` datetime NOT NULL, `updated_at` datetime NOT NULL) ENGINE=InnoDB[0m
  [1m[35m (0.2ms)[0m  [1m[35mBEGIN[0m
  [1m[35mSQL (0.3ms)[0m  [1m[32mINSERT INTO `schema_migrations` (`version`) VALUES ('20180216113132')[0m
  [1m[35m (1.2ms)[0m  [1m[35mCOMMIT[0m
Migrating to CreateBans (20180216113220)
  [1m[35m (10.4ms)[0m  [1m[35mCREATE TABLE `bans` (`id` bigint NOT NULL AUTO_INCREMENT PRIMARY KEY, `target_id` int, `reason` varchar(255), `end` date, `created_at` datetime NOT NULL, `updated_at` datetime NOT NULL) ENGINE=InnoDB[0m
  [1m[35m (0.2ms)[0m  [1m[35mBEGIN[0m
  [1m[35mSQL (0.3ms)[0m  [1m[32mINSERT INTO `schema_migrations` (`version`) VALUES ('20180216113220')[0m
  [1m[35m (1.1ms)[0m  [1m[35mCOMMIT[0m
Migrating to AddDeviseToUsers (20180216120242)
  [1m[35m (33.4ms)[0m  [1m[35mALTER TABLE `users` ADD `email` varchar(255) DEFAULT '' NOT NULL[0m
  [1m[35m (25.2ms)[0m  [1m[35mALTER TABLE `users` ADD `encrypted_password` varchar(255) DEFAULT '' NOT NULL[0m
  [1m[35m (19.8ms)[0m  [1m[35mALTER TABLE `users` ADD `reset_password_token` varchar(255)[0m
  [1m[35m (19.8ms)[0m  [1m[35mALTER TABLE `users` ADD `reset_password_sent_at` datetime[0m
  [1m[35m (18.9ms)[0m  [1m[35mALTER TABLE `users` ADD `remember_created_at` datetime[0m
  [1m[35m (19.8ms)[0m  [1m[35mALTER TABLE `users` ADD `sign_in_count` int DEFAULT 0 NOT NULL[0m
  [1m[35m (19.6ms)[0m  [1m[35mALTER TABLE `users` ADD `current_sign_in_at` datetime[0m
  [1m[35m (19.5ms)[0m  [1m[35mALTER TABLE `users` ADD `last_sign_in_at` datetime[0m
  [1m[35m (20.2ms)[0m  [1m[35mALTER TABLE `users` ADD `current_sign_in_ip` varchar(255)[0m
  [1m[35m (34.9ms)[0m  [1m[35mALTER TABLE `users` ADD `last_sign_in_ip` varchar(255)[0m
  [1m[35m (9.5ms)[0m  [1m[35mCREATE UNIQUE INDEX `index_users_on_email`  ON `users` (`email`) [0m
  [1m[35m (11.7ms)[0m  [1m[35mCREATE UNIQUE INDEX `index_users_on_reset_password_token`  ON `users` (`reset_password_token`) [0m
  [1m[35m (3.0ms)[0m  [1m[35mBEGIN[0m
  [1m[35mSQL (0.3ms)[0m  [1m[32mINSERT INTO `schema_migrations` (`version`) VALUES ('20180216120242')[0m
  [1m[35m (1.3ms)[0m  [1m[35mCOMMIT[0m
Migrating to CreateDoorkeeperTables (20180216120610)
  [1m[35m (6.5ms)[0m  [1m[35mCREATE TABLE `oauth_applications` (`id` bigint NOT NULL AUTO_INCREMENT PRIMARY KEY, `name` varchar(255) NOT NULL, `uid` varchar(255) NOT NULL, `secret` varchar(255) NOT NULL, `redirect_uri` text NOT NULL, `scopes` varchar(255) DEFAULT '' NOT NULL, `created_at` datetime NOT NULL, `updated_at` datetime NOT NULL) ENGINE=InnoDB[0m
  [1m[35m (9.4ms)[0m  [1m[35mCREATE UNIQUE INDEX `index_oauth_applications_on_uid`  ON `oauth_applications` (`uid`) [0m
  [1m[35m (10.8ms)[0m  [1m[35mCREATE TABLE `oauth_access_grants` (`id` bigint NOT NULL AUTO_INCREMENT PRIMARY KEY, `resource_owner_id` bigint NOT NULL, `application_id` bigint NOT NULL, `token` varchar(255) NOT NULL, `expires_in` int NOT NULL, `redirect_uri` text NOT NULL, `created_at` datetime NOT NULL, `revoked_at` datetime, `scopes` varchar(255),  INDEX `index_oauth_access_grants_on_application_id`  (`application_id`)) ENGINE=InnoDB[0m
  [1m[35m (45.8ms)[0m  [1m[35mALTER TABLE `oauth_access_grants` ADD CONSTRAINT `fk_rails_330c32d8d9`
FOREIGN KEY (`resource_owner_id`)
  REFERENCES `users` (`id`)
[0m
  [1m[35m (13.4ms)[0m  [1m[35mCREATE UNIQUE INDEX `index_oauth_access_grants_on_token`  ON `oauth_access_grants` (`token`) [0m
  [1m[35m (49.4ms)[0m  [1m[35mALTER TABLE `oauth_access_grants` ADD CONSTRAINT `fk_rails_b4b53e07b8`
FOREIGN KEY (`application_id`)
  REFERENCES `oauth_applications` (`id`)
[0m
  [1m[35m (11.3ms)[0m  [1m[35mCREATE TABLE `oauth_access_tokens` (`id` bigint NOT NULL AUTO_INCREMENT PRIMARY KEY, `resource_owner_id` bigint, `application_id` bigint, `token` varchar(255) NOT NULL, `refresh_token` varchar(255), `expires_in` int, `revoked_at` datetime, `created_at` datetime NOT NULL, `scopes` varchar(255), `previous_refresh_token` varchar(255) DEFAULT '' NOT NULL,  INDEX `index_oauth_access_tokens_on_application_id`  (`application_id`)) ENGINE=InnoDB[0m
  [1m[35m (50.6ms)[0m  [1m[35mALTER TABLE `oauth_access_tokens` ADD CONSTRAINT `fk_rails_ee63f25419`
FOREIGN KEY (`resource_owner_id`)
  REFERENCES `users` (`id`)
[0m
  [1m[35m (18.0ms)[0m  [1m[35mCREATE UNIQUE INDEX `index_oauth_access_tokens_on_token`  ON `oauth_access_tokens` (`token`) [0m
  [1m[35m (17.6ms)[0m  [1m[35mCREATE  INDEX `index_oauth_access_tokens_on_resource_owner_id`  ON `oauth_access_tokens` (`resource_owner_id`) [0m
  [1m[35m (10.7ms)[0m  [1m[35mCREATE UNIQUE INDEX `index_oauth_access_tokens_on_refresh_token`  ON `oauth_access_tokens` (`refresh_token`) [0m
  [1m[35m (52.1ms)[0m  [1m[35mALTER TABLE `oauth_access_tokens` ADD CONSTRAINT `fk_rails_732cb83ab7`
FOREIGN KEY (`application_id`)
  REFERENCES `oauth_applications` (`id`)
[0m
  [1m[35m (0.3ms)[0m  [1m[35mBEGIN[0m
  [1m[35mSQL (0.3ms)[0m  [1m[32mINSERT INTO `schema_migrations` (`version`) VALUES ('20180216120610')[0m
  [1m[35m (2.7ms)[0m  [1m[35mCOMMIT[0m
Migrating to AddAccountDetailsToUsers (20180220115149)
  [1m[35m (29.0ms)[0m  [1m[35mALTER TABLE `users` ADD `description` text[0m
  [1m[35m (29.2ms)[0m  [1m[35mALTER TABLE `users` ADD `logo` varchar(255)[0m
  [1m[35m (0.3ms)[0m  [1m[35mBEGIN[0m
  [1m[35mSQL (0.3ms)[0m  [1m[32mINSERT INTO `schema_migrations` (`version`) VALUES ('20180220115149')[0m
  [1m[35m (1.2ms)[0m  [1m[35mCOMMIT[0m
Migrating to AddContactInfoToUsers (20180220115236)
  [1m[35m (31.1ms)[0m  [1m[35mALTER TABLE `users` ADD `name` varchar(255)[0m
  [1m[35m (29.5ms)[0m  [1m[35mALTER TABLE `users` ADD `web` varchar(255)[0m
  [1m[35m (35.0ms)[0m  [1m[35mALTER TABLE `users` ADD `fon` varchar(255)[0m
  [1m[35m (31.9ms)[0m  [1m[35mALTER TABLE `users` ADD `location` varchar(255)[0m
  [1m[35m (0.3ms)[0m  [1m[35mBEGIN[0m
  [1m[35mSQL (0.3ms)[0m  [1m[32mINSERT INTO `schema_migrations` (`version`) VALUES ('20180220115236')[0m
  [1m[35m (1.3ms)[0m  [1m[35mCOMMIT[0m
Migrating to AddContentToProjects (20180220115445)
  [1m[35m (26.2ms)[0m  [1m[35mALTER TABLE `projects` ADD `goal` text[0m
  [1m[35m (22.7ms)[0m  [1m[35mALTER TABLE `projects` ADD `problem` text[0m
  [1m[35m (30.9ms)[0m  [1m[35mALTER TABLE `projects` ADD `solution` longtext[0m
  [1m[35m (27.7ms)[0m  [1m[35mALTER TABLE `projects` ADD `coop` tinyint(1)[0m
  [1m[35m (28.2ms)[0m  [1m[35mALTER TABLE `projects` ADD `likes` int[0m
  [1m[35m (21.3ms)[0m  [1m[35mALTER TABLE `projects` ADD `attachment` varchar(255)[0m
  [1m[35m (26.7ms)[0m  [1m[35mALTER TABLE `projects` ADD `status` varchar(255)[0m
  [1m[35m (0.7ms)[0m  [1m[35mBEGIN[0m
  [1m[35mSQL (0.3ms)[0m  [1m[32mINSERT INTO `schema_migrations` (`version`) VALUES ('20180220115445')[0m
  [1m[35m (3.6ms)[0m  [1m[35mCOMMIT[0m
Migrating to AddContentToCommunities (20180220115552)
  [1m[35m (21.9ms)[0m  [1m[35mALTER TABLE `communities` ADD `description` text[0m
  [1m[35m (24.9ms)[0m  [1m[35mALTER TABLE `communities` ADD `icon` varchar(255)[0m
  [1m[35m (26.0ms)[0m  [1m[35mALTER TABLE `communities` ADD `typus` varchar(255)[0m
  [1m[35m (0.6ms)[0m  [1m[35mBEGIN[0m
  [1m[35mSQL (0.3ms)[0m  [1m[32mINSERT INTO `schema_migrations` (`version`) VALUES ('20180220115552')[0m
  [1m[35m (1.2ms)[0m  [1m[35mCOMMIT[0m
Migrating to AddRoleToUsers (20180221120333)
  [1m[35m (32.6ms)[0m  [1m[35mALTER TABLE `users` ADD `role` varchar(255)[0m
  [1m[35m (0.3ms)[0m  [1m[35mBEGIN[0m
  [1m[35mSQL (0.3ms)[0m  [1m[32mINSERT INTO `schema_migrations` (`version`) VALUES ('20180221120333')[0m
  [1m[35m (1.2ms)[0m  [1m[35mCOMMIT[0m
Migrating to AddCooptextToProjects (20180323143052)
  [1m[35m (25.4ms)[0m  [1m[35mALTER TABLE `projects` ADD `cooptext` text[0m
  [1m[35m (0.3ms)[0m  [1m[35mBEGIN[0m
  [1m[35mSQL (0.3ms)[0m  [1m[32mINSERT INTO `schema_migrations` (`version`) VALUES ('20180323143052')[0m
  [1m[35m (1.4ms)[0m  [1m[35mCOMMIT[0m
Migrating to AddImageToProjects (20180323143106)
  [1m[35m (23.9ms)[0m  [1m[35mALTER TABLE `projects` ADD `image` varchar(255)[0m
  [1m[35m (0.3ms)[0m  [1m[35mBEGIN[0m
  [1m[35mSQL (0.3ms)[0m  [1m[32mINSERT INTO `schema_migrations` (`version`) VALUES ('20180323143106')[0m
  [1m[35m (1.3ms)[0m  [1m[35mCOMMIT[0m
Migrating to AddTypusToProjects (20180323143239)
  [1m[35m (27.0ms)[0m  [1m[35mALTER TABLE `projects` ADD `typus` varchar(255)[0m
  [1m[35m (0.3ms)[0m  [1m[35mBEGIN[0m
  [1m[35mSQL (0.3ms)[0m  [1m[32mINSERT INTO `schema_migrations` (`version`) VALUES ('20180323143239')[0m
  [1m[35m (1.3ms)[0m  [1m[35mCOMMIT[0m
Migrating to AddAuthorToComments (20180323144455)
  [1m[35m (26.4ms)[0m  [1m[35mALTER TABLE `comments` ADD `author` varchar(255)[0m
  [1m[35m (0.3ms)[0m  [1m[35mBEGIN[0m
  [1m[35mSQL (0.3ms)[0m  [1m[32mINSERT INTO `schema_migrations` (`version`) VALUES ('20180323144455')[0m
  [1m[35m (1.2ms)[0m  [1m[35mCOMMIT[0m
Migrating to AddAuthorToPosts (20180323145933)
  [1m[35m (21.5ms)[0m  [1m[35mALTER TABLE `posts` ADD `author` varchar(255)[0m
  [1m[35m (4.1ms)[0m  [1m[35mBEGIN[0m
  [1m[35mSQL (0.3ms)[0m  [1m[32mINSERT INTO `schema_migrations` (`version`) VALUES ('20180323145933')[0m
  [1m[35m (1.4ms)[0m  [1m[35mCOMMIT[0m
  [1m[36mActiveRecord::InternalMetadata Load (0.3ms)[0m  [1m[34mSELECT  `ar_internal_metadata`.* FROM `ar_internal_metadata` WHERE `ar_internal_metadata`.`key` = 'environment' LIMIT 1[0m
  [1m[35m (0.3ms)[0m  [1m[35mBEGIN[0m
  [1m[35mSQL (0.4ms)[0m  [1m[32mINSERT INTO `ar_internal_metadata` (`key`, `value`, `created_at`, `updated_at`) VALUES ('environment', 'development', '2018-04-05 13:12:00', '2018-04-05 13:12:00')[0m
  [1m[35m (1.4ms)[0m  [1m[35mCOMMIT[0m
  [1m[35m (0.3ms)[0m  [1m[34mSELECT RELEASE_LOCK('3224042296778746800')[0m
  [1m[35m (0.3ms)[0m  [1m[34mSELECT `schema_migrations`.`version` FROM `schema_migrations` ORDER BY `schema_migrations`.`version` ASC[0m
Started HEAD "/" for 127.0.0.1 at 2018-04-05 15:12:07 +0200
  [1m[35m (0.4ms)[0m  [1m[35mSET NAMES utf8,  @@SESSION.sql_mode = CONCAT(CONCAT(@@sql_mode, ',STRICT_ALL_TABLES'), ',NO_AUTO_VALUE_ON_ZERO'),  @@SESSION.sql_auto_is_null = 0, @@SESSION.wait_timeout = 2147483[0m
  [1m[35m (0.3ms)[0m  [1m[34mSELECT `schema_migrations`.`version` FROM `schema_migrations` ORDER BY `schema_migrations`.`version` ASC[0m
Processing by HomeController#index as HTML
  Rendering home/index.html.erb within layouts/index
  Rendered home/index.html.erb within layouts/index (1.5ms)
Completed 200 OK in 23ms (Views: 9.7ms | ActiveRecord: 0.0ms)


Started GET "/registration" for 127.0.0.1 at 2018-04-05 15:12:55 +0200
Processing by HomeController#index as HTML
  Parameters: {"path"=>"registration"}
  Rendering home/index.html.erb within layouts/index
  Rendered home/index.html.erb within layouts/index (0.8ms)
Completed 200 OK in 12ms (Views: 10.7ms | ActiveRecord: 0.0ms)


Started GET "/api/v1/communities.json" for 127.0.0.1 at 2018-04-05 15:12:58 +0200
  [1m[36mCommunity Load (2.2ms)[0m  [1m[34mSELECT `communities`.`id`, `communities`.`name`, `communities`.`icon`, `communities`.`typus` FROM `communities`[0m
  [1m[35m (0.3ms)[0m  [1m[35mSET NAMES utf8,  @@SESSION.sql_mode = CONCAT(CONCAT(@@sql_mode, ',STRICT_ALL_TABLES'), ',NO_AUTO_VALUE_ON_ZERO'),  @@SESSION.sql_auto_is_null = 0, @@SESSION.wait_timeout = 2147483[0m
  [1m[35m (0.3ms)[0m  [1m[34mSELECT `schema_migrations`.`version` FROM `schema_migrations` ORDER BY `schema_migrations`.`version` ASC[0m
  [1m[35m (0.2ms)[0m  [1m[35mBEGIN[0m
  [1m[35mSQL (0.4ms)[0m  [1m[32mINSERT INTO `communities` (`name`, `created_at`, `updated_at`, `description`, `icon`, `typus`) VALUES ('Dienstleistungen\n ', '2018-04-05 13:14:08', '2018-04-05 13:14:08', '', 'assets/images/icons/Dienstleistung.svg', 'Branche')[0m
  [1m[35m (1.6ms)[0m  [1m[35mCOMMIT[0m
  [1m[35m (0.2ms)[0m  [1m[35mBEGIN[0m
  [1m[35mSQL (2.5ms)[0m  [1m[32mINSERT INTO `communities` (`name`, `created_at`, `updated_at`, `description`, `icon`, `typus`) VALUES ('Handel\n ', '2018-04-05 13:14:08', '2018-04-05 13:14:08', '', 'assets/images/icons/Handel.svg', 'Branche')[0m
  [1m[35m (1.4ms)[0m  [1m[35mCOMMIT[0m
  [1m[35m (0.2ms)[0m  [1m[35mBEGIN[0m
  [1m[35mSQL (0.4ms)[0m  [1m[32mINSERT INTO `communities` (`name`, `created_at`, `updated_at`, `description`, `icon`, `typus`) VALUES ('E-Commerce\n ', '2018-04-05 13:14:08', '2018-04-05 13:14:08', '', 'assets/images/icons/E-Commerce.svg', 'Branche')[0m
  [1m[35m (1.6ms)[0m  [1m[35mCOMMIT[0m
  [1m[35m (0.1ms)[0m  [1m[35mBEGIN[0m
  [1m[35mSQL (0.3ms)[0m  [1m[32mINSERT INTO `communities` (`name`, `created_at`, `updated_at`, `description`, `icon`, `typus`) VALUES ('Freizeit\n ', '2018-04-05 13:14:08', '2018-04-05 13:14:08', '', 'assets/images/icons/Freizeit.svg', 'Branche')[0m
  [1m[35m (1.7ms)[0m  [1m[35mCOMMIT[0m
  [1m[35m (0.2ms)[0m  [1m[35mBEGIN[0m
  [1m[35mSQL (0.3ms)[0m  [1m[32mINSERT INTO `communities` (`name`, `created_at`, `updated_at`, `description`, `icon`, `typus`) VALUES ('Internet\n ', '2018-04-05 13:14:08', '2018-04-05 13:14:08', '', 'assets/images/icons/Internet.svg', 'Branche')[0m
  [1m[35m (1.7ms)[0m  [1m[35mCOMMIT[0m
  [1m[35m (0.1ms)[0m  [1m[35mBEGIN[0m
  [1m[35mSQL (0.5ms)[0m  [1m[32mINSERT INTO `communities` (`name`, `created_at`, `updated_at`, `description`, `icon`, `typus`) VALUES ('Energie & Umwelt\n ', '2018-04-05 13:14:08', '2018-04-05 13:14:08', '', 'assets/images/icons/Energie und Umwelt.svg', 'Branche')[0m
  [1m[35m (1.5ms)[0m  [1m[35mCOMMIT[0m
  [1m[35m (0.2ms)[0m  [1m[35mBEGIN[0m
  [1m[35mSQL (0.3ms)[0m  [1m[32mINSERT INTO `communities` (`name`, `created_at`, `updated_at`, `description`, `icon`, `typus`) VALUES ('Food & Drink\n ', '2018-04-05 13:14:08', '2018-04-05 13:14:08', '', 'assets/images/icons/Food and Drink.svg', 'Branche')[0m
  [1m[35m (1.7ms)[0m  [1m[35mCOMMIT[0m
  [1m[35m (0.1ms)[0m  [1m[35mBEGIN[0m
  [1m[35mSQL (0.3ms)[0m  [1m[32mINSERT INTO `communities` (`name`, `created_at`, `updated_at`, `description`, `icon`, `typus`) VALUES ('Tourismus & Gastronomie', '2018-04-05 13:14:08', '2018-04-05 13:14:08', '', 'assets/images/icons/Tourismus und Gastronomie.svg', 'Branche')[0m
  [1m[35m (1.5ms)[0m  [1m[35mCOMMIT[0m
  [1m[35m (0.2ms)[0m  [1m[35mBEGIN[0m
  [1m[35mSQL (0.3ms)[0m  [1m[32mINSERT INTO `communities` (`name`, `created_at`, `updated_at`, `description`, `icon`, `typus`) VALUES ('Life Science\n ', '2018-04-05 13:14:08', '2018-04-05 13:14:08', '', 'assets/images/icons/Life Science.svg', 'Branche')[0m
  [1m[35m (1.4ms)[0m  [1m[35mCOMMIT[0m
  [1m[35m (0.2ms)[0m  [1m[35mBEGIN[0m
  [1m[35mSQL (0.3ms)[0m  [1m[32mINSERT INTO `communities` (`name`, `created_at`, `updated_at`, `description`, `icon`, `typus`) VALUES ('Mobilität, Verkehr & Logistik', '2018-04-05 13:14:08', '2018-04-05 13:14:08', '', 'assets/images/icons/Mobilität, Logistik, Verkehr.svg', 'Branche')[0m
  [1m[35m (1.7ms)[0m  [1m[35mCOMMIT[0m
  [1m[35m (0.2ms)[0m  [1m[35mBEGIN[0m
  [1m[35mSQL (0.3ms)[0m  [1m[32mINSERT INTO `communities` (`name`, `created_at`, `updated_at`, `description`, `icon`, `typus`) VALUES ('Design & Kreativwirtschaft', '2018-04-05 13:14:08', '2018-04-05 13:14:08', '', 'assets/images/icons/Design und Kreativwirtschaft.svg', 'Branche')[0m
  [1m[35m (1.2ms)[0m  [1m[35mCOMMIT[0m
  [1m[35m (0.1ms)[0m  [1m[35mBEGIN[0m
  [1m[35mSQL (0.3ms)[0m  [1m[32mINSERT INTO `communities` (`name`, `created_at`, `updated_at`, `description`, `icon`, `typus`) VALUES ('IT & Softwareentwicklung', '2018-04-05 13:14:08', '2018-04-05 13:14:08', '', 'assets/images/icons/IT Softwareentwicklung.svg', 'Branche')[0m
  [1m[35m (1.2ms)[0m  [1m[35mCOMMIT[0m
  [1m[35m (0.2ms)[0m  [1m[35mBEGIN[0m
  [1m[35mSQL (0.3ms)[0m  [1m[32mINSERT INTO `communities` (`name`, `created_at`, `updated_at`, `description`, `icon`, `typus`) VALUES ('Sonstiges\n ', '2018-04-05 13:14:08', '2018-04-05 13:14:08', '', 'assets/images/icons/Sonstiges.svg', 'Branche')[0m
  [1m[35m (1.2ms)[0m  [1m[35mCOMMIT[0m
  [1m[35m (0.2ms)[0m  [1m[35mBEGIN[0m
  [1m[35mSQL (0.3ms)[0m  [1m[32mINSERT INTO `communities` (`name`, `created_at`, `updated_at`, `description`, `icon`, `typus`) VALUES ('3d-Printing', '2018-04-05 13:14:08', '2018-04-05 13:14:08', '', 'assets/images/icons/3d-printing.svg', 'Thema')[0m
  [1m[35m (1.2ms)[0m  [1m[35mCOMMIT[0m
  [1m[35m (0.1ms)[0m  [1m[35mBEGIN[0m
  [1m[35mSQL (0.3ms)[0m  [1m[32mINSERT INTO `communities` (`name`, `created_at`, `updated_at`, `description`, `icon`, `typus`) VALUES ('AI', '2018-04-05 13:14:08', '2018-04-05 13:14:08', '', 'assets/images/icons/AI.svg', 'Thema')[0m
  [1m[35m (1.2ms)[0m  [1m[35mCOMMIT[0m
  [1m[35m (0.1ms)[0m  [1m[35mBEGIN[0m
  [1m[35mSQL (0.3ms)[0m  [1m[32mINSERT INTO `communities` (`name`, `created_at`, `updated_at`, `description`, `icon`, `typus`) VALUES ('App Entwicklung', '2018-04-05 13:14:08', '2018-04-05 13:14:08', '', 'assets/images/icons/App Entwicklung.svg', 'Thema')[0m
  [1m[35m (1.2ms)[0m  [1m[35mCOMMIT[0m
  [1m[35m (0.2ms)[0m  [1m[35mBEGIN[0m
  [1m[35mSQL (0.3ms)[0m  [1m[32mINSERT INTO `communities` (`name`, `created_at`, `updated_at`, `description`, `icon`, `typus`) VALUES ('Beratung Consulting', '2018-04-05 13:14:08', '2018-04-05 13:14:08', '', 'assets/images/icons/Beratungsunternehmen.svg', 'Thema')[0m
  [1m[35m (1.2ms)[0m  [1m[35mCOMMIT[0m
  [1m[35m (0.2ms)[0m  [1m[35mBEGIN[0m
  [1m[35mSQL (0.3ms)[0m  [1m[32mINSERT INTO `communities` (`name`, `created_at`, `updated_at`, `description`, `icon`, `typus`) VALUES ('Bildung', '2018-04-05 13:14:08', '2018-04-05 13:14:08', '', 'assets/images/icons/Bildung.svg', 'Thema')[0m
  [1m[35m (1.2ms)[0m  [1m[35mCOMMIT[0m
  [1m[35m (0.2ms)[0m  [1m[35mBEGIN[0m
  [1m[35mSQL (0.3ms)[0m  [1m[32mINSERT INTO `communities` (`name`, `created_at`, `updated_at`, `description`, `icon`, `typus`) VALUES ('Biotechnologie', '2018-04-05 13:14:08', '2018-04-05 13:14:08', '', 'assets/images/icons/Biotechnologie.svg', 'Thema')[0m
  [1m[35m (1.3ms)[0m  [1m[35mCOMMIT[0m
  [1m[35m (0.2ms)[0m  [1m[35mBEGIN[0m
  [1m[35mSQL (0.3ms)[0m  [1m[32mINSERT INTO `communities` (`name`, `created_at`, `updated_at`, `description`, `icon`, `typus`) VALUES ('Cloud & Big Data', '2018-04-05 13:14:08', '2018-04-05 13:14:08', '', 'assets/images/icons/Cloud Big Data.svg', 'Thema')[0m
  [1m[35m (1.3ms)[0m  [1m[35mCOMMIT[0m
  [1m[35m (0.1ms)[0m  [1m[35mBEGIN[0m
  [1m[35mSQL (0.3ms)[0m  [1m[32mINSERT INTO `communities` (`name`, `created_at`, `updated_at`, `description`, `icon`, `typus`) VALUES ('Cyber Security', '2018-04-05 13:14:08', '2018-04-05 13:14:08', '', 'assets/images/icons/Cyber Security.svg', 'Thema')[0m
  [1m[35m (1.2ms)[0m  [1m[35mCOMMIT[0m
  [1m[35m (0.1ms)[0m  [1m[35mBEGIN[0m
  [1m[35mSQL (0.3ms)[0m  [1m[32mINSERT INTO `communities` (`name`, `created_at`, `updated_at`, `description`, `icon`, `typus`) VALUES ('DIY', '2018-04-05 13:14:08', '2018-04-05 13:14:08', '', 'assets/images/icons/DIY Logo.svg', 'Thema')[0m
  [1m[35m (1.2ms)[0m  [1m[35mCOMMIT[0m
  [1m[35m (0.2ms)[0m  [1m[35mBEGIN[0m
  [1m[35mSQL (0.3ms)[0m  [1m[32mINSERT INTO `communities` (`name`, `created_at`, `updated_at`, `description`, `icon`, `typus`) VALUES ('E-Government', '2018-04-05 13:14:08', '2018-04-05 13:14:08', '', 'assets/images/icons/E-Government.svg', 'Thema')[0m
  [1m[35m (1.2ms)[0m  [1m[35mCOMMIT[0m
  [1m[35m (0.1ms)[0m  [1m[35mBEGIN[0m
  [1m[35mSQL (0.3ms)[0m  [1m[32mINSERT INTO `communities` (`name`, `created_at`, `updated_at`, `description`, `icon`, `typus`) VALUES ('e-health Smart Apps', '2018-04-05 13:14:08', '2018-04-05 13:14:08', '', 'assets/images/icons/e-health Smart Apps.svg', 'Thema')[0m
  [1m[35m (1.2ms)[0m  [1m[35mCOMMIT[0m
  [1m[35m (0.1ms)[0m  [1m[35mBEGIN[0m
  [1m[35mSQL (0.3ms)[0m  [1m[32mINSERT INTO `communities` (`name`, `created_at`, `updated_at`, `description`, `icon`, `typus`) VALUES ('e-Mobilität', '2018-04-05 13:14:08', '2018-04-05 13:14:08', '', 'assets/images/icons/e-Mobilität.svg', 'Thema')[0m
  [1m[35m (1.2ms)[0m  [1m[35mCOMMIT[0m
  [1m[35m (0.1ms)[0m  [1m[35mBEGIN[0m
  [1m[35mSQL (0.3ms)[0m  [1m[32mINSERT INTO `communities` (`name`, `created_at`, `updated_at`, `description`, `icon`, `typus`) VALUES ('Fahrzeug & Straßenverkehr', '2018-04-05 13:14:08', '2018-04-05 13:14:08', '', 'assets/images/icons/Fahrzeug & Straßenverkehr.svg', 'Thema')[0m
  [1m[35m (1.3ms)[0m  [1m[35mCOMMIT[0m
  [1m[35m (0.2ms)[0m  [1m[35mBEGIN[0m
  [1m[35mSQL (0.3ms)[0m  [1m[32mINSERT INTO `communities` (`name`, `created_at`, `updated_at`, `description`, `icon`, `typus`) VALUES ('Feinmechanik & Optik', '2018-04-05 13:14:08', '2018-04-05 13:14:08', '', 'assets/images/icons/Feinmechanik & Optik.svg', 'Thema')[0m
  [1m[35m (1.3ms)[0m  [1m[35mCOMMIT[0m
  [1m[35m (0.2ms)[0m  [1m[35mBEGIN[0m
  [1m[35mSQL (0.3ms)[0m  [1m[32mINSERT INTO `communities` (`name`, `created_at`, `updated_at`, `description`, `icon`, `typus`) VALUES ('Games', '2018-04-05 13:14:08', '2018-04-05 13:14:08', '', 'assets/images/icons/Games.svg', 'Thema')[0m
  [1m[35m (1.3ms)[0m  [1m[35mCOMMIT[0m
  [1m[35m (0.1ms)[0m  [1m[35mBEGIN[0m
  [1m[35mSQL (0.3ms)[0m  [1m[32mINSERT INTO `communities` (`name`, `created_at`, `updated_at`, `description`, `icon`, `typus`) VALUES ('Groß und Einzelhandel', '2018-04-05 13:14:08', '2018-04-05 13:14:08', '', 'assets/images/icons/Groß und Einzelhandel.svg', 'Thema')[0m
  [1m[35m (1.2ms)[0m  [1m[35mCOMMIT[0m
  [1m[35m (0.2ms)[0m  [1m[35mBEGIN[0m
  [1m[35mSQL (0.3ms)[0m  [1m[32mINSERT INTO `communities` (`name`, `created_at`, `updated_at`, `description`, `icon`, `typus`) VALUES ('Haushaltsgeräte', '2018-04-05 13:14:08', '2018-04-05 13:14:08', '', 'assets/images/icons/Haushaltsgeräte.svg', 'Thema')[0m
  [1m[35m (1.2ms)[0m  [1m[35mCOMMIT[0m
  [1m[35m (0.1ms)[0m  [1m[35mBEGIN[0m
  [1m[35mSQL (0.3ms)[0m  [1m[32mINSERT INTO `communities` (`name`, `created_at`, `updated_at`, `description`, `icon`, `typus`) VALUES ('Hobby', '2018-04-05 13:14:08', '2018-04-05 13:14:08', '', 'assets/images/icons/Hobby.svg', 'Thema')[0m
  [1m[35m (1.3ms)[0m  [1m[35mCOMMIT[0m
  [1m[35m (0.2ms)[0m  [1m[35mBEGIN[0m
  [1m[35mSQL (0.3ms)[0m  [1m[32mINSERT INTO `communities` (`name`, `created_at`, `updated_at`, `description`, `icon`, `typus`) VALUES ('Internet', '2018-04-05 13:14:08', '2018-04-05 13:14:08', '', 'assets/images/icons/Internet.svg', 'Thema')[0m
  [1m[35m (1.1ms)[0m  [1m[35mCOMMIT[0m
  [1m[35m (0.2ms)[0m  [1m[35mBEGIN[0m
  [1m[35mSQL (0.3ms)[0m  [1m[32mINSERT INTO `communities` (`name`, `created_at`, `updated_at`, `description`, `icon`, `typus`) VALUES ('IoT', '2018-04-05 13:14:08', '2018-04-05 13:14:08', '', 'assets/images/icons/IoT Icon.svg', 'Thema')[0m
  [1m[35m (1.1ms)[0m  [1m[35mCOMMIT[0m
  [1m[35m (0.1ms)[0m  [1m[35mBEGIN[0m
  [1m[35mSQL (0.3ms)[0m  [1m[32mINSERT INTO `communities` (`name`, `created_at`, `updated_at`, `description`, `icon`, `typus`) VALUES ('Konsumgüter', '2018-04-05 13:14:08', '2018-04-05 13:14:08', '', 'assets/images/icons/Konsumgüter.svg', 'Thema')[0m
  [1m[35m (1.1ms)[0m  [1m[35mCOMMIT[0m
  [1m[35m (0.1ms)[0m  [1m[35mBEGIN[0m
  [1m[35mSQL (0.3ms)[0m  [1m[32mINSERT INTO `communities` (`name`, `created_at`, `updated_at`, `description`, `icon`, `typus`) VALUES ('Kunst und Kultur', '2018-04-05 13:14:08', '2018-04-05 13:14:08', '', 'assets/images/icons/Kunst und Kultur.svg', 'Thema')[0m
  [1m[35m (1.8ms)[0m  [1m[35mCOMMIT[0m
  [1m[35m (0.2ms)[0m  [1m[35mBEGIN[0m
  [1m[35mSQL (0.3ms)[0m  [1m[32mINSERT INTO `communities` (`name`, `created_at`, `updated_at`, `description`, `icon`, `typus`) VALUES ('Maschinen und Gerätehersteller', '2018-04-05 13:14:08', '2018-04-05 13:14:08', '', 'assets/images/icons/Maschinen und Gerätehersteller.svg', 'Thema')[0m
  [1m[35m (1.0ms)[0m  [1m[35mCOMMIT[0m
  [1m[35m (0.1ms)[0m  [1m[35mBEGIN[0m
  [1m[35mSQL (0.3ms)[0m  [1m[32mINSERT INTO `communities` (`name`, `created_at`, `updated_at`, `description`, `icon`, `typus`) VALUES ('Medizintechnik', '2018-04-05 13:14:08', '2018-04-05 13:14:08', '', 'assets/images/icons/Medizintechnik.svg', 'Thema')[0m
  [1m[35m (1.0ms)[0m  [1m[35mCOMMIT[0m
  [1m[35m (0.1ms)[0m  [1m[35mBEGIN[0m
  [1m[35mSQL (0.3ms)[0m  [1m[32mINSERT INTO `communities` (`name`, `created_at`, `updated_at`, `description`, `icon`, `typus`) VALUES ('Online Marketplace', '2018-04-05 13:14:08', '2018-04-05 13:14:08', '', 'assets/images/icons/Online Marketplace.svg', 'Thema')[0m
  [1m[35m (1.3ms)[0m  [1m[35mCOMMIT[0m
  [1m[35m (0.1ms)[0m  [1m[35mBEGIN[0m
  [1m[35mSQL (0.3ms)[0m  [1m[32mINSERT INTO `communities` (`name`, `created_at`, `updated_at`, `description`, `icon`, `typus`) VALUES ('Online Service Portal', '2018-04-05 13:14:08', '2018-04-05 13:14:08', '', 'assets/images/icons/Online Service Portal.svg', 'Thema')[0m
  [1m[35m (1.0ms)[0m  [1m[35mCOMMIT[0m
  [1m[35m (0.1ms)[0m  [1m[35mBEGIN[0m
  [1m[35mSQL (0.3ms)[0m  [1m[32mINSERT INTO `communities` (`name`, `created_at`, `updated_at`, `description`, `icon`, `typus`) VALUES ('Robots', '2018-04-05 13:14:08', '2018-04-05 13:14:08', '', 'assets/images/icons/Robots.svg', 'Thema')[0m
  [1m[35m (1.0ms)[0m  [1m[35mCOMMIT[0m
  [1m[35m (0.2ms)[0m  [1m[35mBEGIN[0m
  [1m[35mSQL (0.5ms)[0m  [1m[32mINSERT INTO `communities` (`name`, `created_at`, `updated_at`, `description`, `icon`, `typus`) VALUES ('Smart Home', '2018-04-05 13:14:08', '2018-04-05 13:14:08', '', 'assets/images/icons/Smart Home.svg', 'Thema')[0m
  [1m[35m (1.0ms)[0m  [1m[35mCOMMIT[0m
  [1m[35m (0.1ms)[0m  [1m[35mBEGIN[0m
  [1m[35mSQL (0.3ms)[0m  [1m[32mINSERT INTO `communities` (`name`, `created_at`, `updated_at`, `description`, `icon`, `typus`) VALUES ('Sport und Wellness', '2018-04-05 13:14:08', '2018-04-05 13:14:08', '', 'assets/images/icons/Sport und Wellness.svg', 'Thema')[0m
  [1m[35m (1.1ms)[0m  [1m[35mCOMMIT[0m
  [1m[35m (0.1ms)[0m  [1m[35mBEGIN[0m
  [1m[35mSQL (0.3ms)[0m  [1m[32mINSERT INTO `communities` (`name`, `created_at`, `updated_at`, `description`, `icon`, `typus`) VALUES ('Suchmaschinen und SEO', '2018-04-05 13:14:08', '2018-04-05 13:14:08', '', 'assets/images/icons/Suchmaschinen und SEO.svg', 'Thema')[0m
  [1m[35m (2.8ms)[0m  [1m[35mCOMMIT[0m
  [1m[35m (0.6ms)[0m  [1m[35mBEGIN[0m
  [1m[35mSQL (0.3ms)[0m  [1m[32mINSERT INTO `communities` (`name`, `created_at`, `updated_at`, `description`, `icon`, `typus`) VALUES ('Umwelt und Energietechnologie', '2018-04-05 13:14:08', '2018-04-05 13:14:08', '', 'assets/images/icons/Umwelt und Energietechnologie.svg', 'Thema')[0m
  [1m[35m (1.1ms)[0m  [1m[35mCOMMIT[0m
  [1m[35m (0.1ms)[0m  [1m[35mBEGIN[0m
  [1m[35mSQL (0.3ms)[0m  [1m[32mINSERT INTO `communities` (`name`, `created_at`, `updated_at`, `description`, `icon`, `typus`) VALUES ('VR AR', '2018-04-05 13:14:08', '2018-04-05 13:14:08', '', 'assets/images/icons/VR AR.svg', 'Thema')[0m
  [1m[35m (1.0ms)[0m  [1m[35mCOMMIT[0m
  [1m[35m (0.1ms)[0m  [1m[35mBEGIN[0m
  [1m[35mSQL (0.3ms)[0m  [1m[32mINSERT INTO `communities` (`name`, `created_at`, `updated_at`, `description`, `icon`, `typus`) VALUES ('Wearables', '2018-04-05 13:14:08', '2018-04-05 13:14:08', '', 'assets/images/icons/Wearables.svg', 'Thema')[0m
  [1m[35m (1.0ms)[0m  [1m[35mCOMMIT[0m
  [1m[35m (0.1ms)[0m  [1m[35mBEGIN[0m
  [1m[35mSQL (0.3ms)[0m  [1m[32mINSERT INTO `communities` (`name`, `created_at`, `updated_at`, `description`, `icon`, `typus`) VALUES ('Web-Entwicklung', '2018-04-05 13:14:08', '2018-04-05 13:14:08', '', 'assets/images/icons/WebEntwicklung.svg', 'Thema')[0m
  [1m[35m (1.1ms)[0m  [1m[35mCOMMIT[0m
  [1m[35m (0.3ms)[0m  [1m[35mBEGIN[0m
  [1m[35mSQL (0.3ms)[0m  [1m[32mINSERT INTO `communities` (`name`, `created_at`, `updated_at`, `description`, `icon`, `typus`) VALUES ('Werbung und Marketing', '2018-04-05 13:14:08', '2018-04-05 13:14:08', '', 'assets/images/icons/Werbung und Marketing.svg', 'Thema')[0m
  [1m[35m (1.9ms)[0m  [1m[35mCOMMIT[0m
  [1m[35m (0.2ms)[0m  [1m[35mBEGIN[0m
  [1m[36mUser Exists (0.4ms)[0m  [1m[34mSELECT  1 AS one FROM `users` WHERE `users`.`email` = BINARY 'braunt2@protonmail.com' LIMIT 1[0m
  [1m[35mSQL (0.3ms)[0m  [1m[32mINSERT INTO `users` (`username`, `created_at`, `updated_at`, `email`, `encrypted_password`, `role`) VALUES ('admin2', '2018-04-05 13:14:08', '2018-04-05 13:14:08', 'braunt2@protonmail.com', '$2a$11$de3civfMd8W6M3HrOrMQy.lJc/e0FSiZGGeQNen7jXlo2OIdXy1cS', 'admin')[0m
  [1m[35m (1.6ms)[0m  [1m[35mCOMMIT[0m
  [1m[35m (0.3ms)[0m  [1m[35mBEGIN[0m
  [1m[35mSQL (0.4ms)[0m  [1m[32mINSERT INTO `projects` (`name`, `user_id`, `created_at`, `updated_at`, `goal`, `problem`, `solution`, `coop`, `likes`, `status`) VALUES ('DemoProjekt', 1, '2018-04-05 13:14:08', '2018-04-05 13:14:08', 'Serve as Filler for the Page', 'It\'s hard to see what the page looks like without filler.', 'Create a premade Projet to fill this', 1, 3, 'Published')[0m
  [1m[35m (1.4ms)[0m  [1m[35mCOMMIT[0m
  [1m[35m (0.2ms)[0m  [1m[35mBEGIN[0m
  [1m[35mSQL (0.3ms)[0m  [1m[32mINSERT INTO `communities_projects` (`project_id`, `community_id`) VALUES (1, 1)[0m
  [1m[35m (1.6ms)[0m  [1m[35mCOMMIT[0m
  [1m[35m (0.2ms)[0m  [1m[35mBEGIN[0m
  [1m[36mUser Load (0.5ms)[0m  [1m[34mSELECT  `users`.* FROM `users` WHERE `users`.`id` = 1 LIMIT 1[0m
  [1m[36mProject Load (0.9ms)[0m  [1m[34mSELECT  `projects`.* FROM `projects` WHERE `projects`.`id` = 1 LIMIT 1[0m
  [1m[35mSQL (0.7ms)[0m  [1m[32mINSERT INTO `comments` (`user_id`, `parent_id`, `parent_type`, `created_at`, `updated_at`) VALUES (1, 1, 'Project', '2018-04-05 13:14:09', '2018-04-05 13:14:09')[0m
  [1m[35m (2.8ms)[0m  [1m[35mCOMMIT[0m
Started HEAD "/" for 127.0.0.1 at 2018-04-05 15:14:23 +0200
  [1m[35m (0.4ms)[0m  [1m[35mSET NAMES utf8,  @@SESSION.sql_mode = CONCAT(CONCAT(@@sql_mode, ',STRICT_ALL_TABLES'), ',NO_AUTO_VALUE_ON_ZERO'),  @@SESSION.sql_auto_is_null = 0, @@SESSION.wait_timeout = 2147483[0m
  [1m[35m (0.3ms)[0m  [1m[34mSELECT `schema_migrations`.`version` FROM `schema_migrations` ORDER BY `schema_migrations`.`version` ASC[0m
Processing by HomeController#index as HTML
  Rendering home/index.html.erb within layouts/index
  Rendered home/index.html.erb within layouts/index (4.1ms)
Completed 200 OK in 20ms (Views: 11.6ms | ActiveRecord: 0.0ms)


Started GET "/registration" for 127.0.0.1 at 2018-04-05 15:14:28 +0200
Processing by HomeController#index as HTML
  Parameters: {"path"=>"registration"}
  Rendering home/index.html.erb within layouts/index
  Rendered home/index.html.erb within layouts/index (4.2ms)
Completed 200 OK in 13ms (Views: 12.9ms | ActiveRecord: 0.0ms)


Started GET "/api/v1/communities.json" for 127.0.0.1 at 2018-04-05 15:14:31 +0200
  [1m[36mCommunity Load (2.4ms)[0m  [1m[34mSELECT `communities`.`id`, `communities`.`name`, `communities`.`icon`, `communities`.`typus` FROM `communities`[0m
Started POST "/api/v1/users/" for 127.0.0.1 at 2018-04-05 15:15:16 +0200
Started HEAD "/" for 127.0.0.1 at 2018-04-06 13:12:06 +0200
  [1m[35m (40.5ms)[0m  [1m[35mSET NAMES utf8,  @@SESSION.sql_mode = CONCAT(CONCAT(@@sql_mode, ',STRICT_ALL_TABLES'), ',NO_AUTO_VALUE_ON_ZERO'),  @@SESSION.sql_auto_is_null = 0, @@SESSION.wait_timeout = 2147483[0m
  [1m[35m (1.8ms)[0m  [1m[34mSELECT `schema_migrations`.`version` FROM `schema_migrations` ORDER BY `schema_migrations`.`version` ASC[0m
Processing by HomeController#index as HTML
  Rendering home/index.html.erb within layouts/index
  Rendered home/index.html.erb within layouts/index (11.0ms)
Completed 200 OK in 32ms (Views: 23.7ms | ActiveRecord: 0.0ms)


Started GET "/api/v1/communities.json" for 127.0.0.1 at 2018-04-06 13:12:12 +0200
  [1m[36mCommunity Load (0.5ms)[0m  [1m[34mSELECT `communities`.`id`, `communities`.`name`, `communities`.`icon`, `communities`.`typus` FROM `communities`[0m
Started POST "/api/v1/users/" for 127.0.0.1 at 2018-04-06 13:13:16 +0200
Started HEAD "/" for 127.0.0.1 at 2018-04-06 13:26:37 +0200
  [1m[35m (0.4ms)[0m  [1m[35mSET NAMES utf8,  @@SESSION.sql_mode = CONCAT(CONCAT(@@sql_mode, ',STRICT_ALL_TABLES'), ',NO_AUTO_VALUE_ON_ZERO'),  @@SESSION.sql_auto_is_null = 0, @@SESSION.wait_timeout = 2147483[0m
  [1m[35m (0.3ms)[0m  [1m[34mSELECT `schema_migrations`.`version` FROM `schema_migrations` ORDER BY `schema_migrations`.`version` ASC[0m
Processing by HomeController#index as HTML
  Rendering home/index.html.erb within layouts/index
  Rendered home/index.html.erb within layouts/index (1.2ms)
Completed 200 OK in 16ms (Views: 5.9ms | ActiveRecord: 0.0ms)


Started GET "/registration" for 127.0.0.1 at 2018-04-06 13:26:49 +0200
Processing by HomeController#index as HTML
  Parameters: {"path"=>"registration"}
  Rendering home/index.html.erb within layouts/index
  Rendered home/index.html.erb within layouts/index (2.2ms)
Completed 200 OK in 9ms (Views: 8.9ms | ActiveRecord: 0.0ms)


Started GET "/api/v1/communities.json" for 127.0.0.1 at 2018-04-06 13:26:52 +0200
  [1m[36mCommunity Load (0.3ms)[0m  [1m[34mSELECT `communities`.`id`, `communities`.`name`, `communities`.`icon`, `communities`.`typus` FROM `communities`[0m
Started POST "/api/v1/users/" for 127.0.0.1 at 2018-04-06 13:28:22 +0200
